Using pre-set license
Built from '2020.3/staging' branch; Version is '2020.3.3f1 (76626098c1c4) revision 7758432'; Using compiler version '192528614'; Build Type 'Release'
OS: 'Windows 10 Home; OS build 19043.1288; Version 2009; 64bit' Language: 'cs' Physical Memory: 8029 MB
BatchMode: 1, IsHumanControllingUs: 0, StartBugReporterOnCrash: 0, Is64bit: 1, IsPro: 0

 COMMAND LINE ARGUMENTS:
C:\Program Files\Unity\Hub\Editor\2020.3.3f1\Editor\Unity.exe
-adb2
-batchMode
-noUpm
-name
AssetImportWorker0
-projectPath
C:/Users/dadur/Documents/GitHub/repository4/frogger
-logFile
Logs/AssetImportWorker0.log
-srvPort
50555
Successfully changed project path to: C:/Users/dadur/Documents/GitHub/repository4/frogger
C:/Users/dadur/Documents/GitHub/repository4/frogger
Using Asset Import Pipeline V2.
Refreshing native plugins compatible for Editor in 26.31 ms, found 0 plugins.
Preloading 0 native plugins for Editor in 0.00 ms.
Initialize engine version: 2020.3.3f1 (76626098c1c4)
[Subsystems] Discovering subsystems at path C:/Program Files/Unity/Hub/Editor/2020.3.3f1/Editor/Data/Resources/UnitySubsystems
[Subsystems] Discovering subsystems at path C:/Users/dadur/Documents/GitHub/repository4/frogger/Assets
GfxDevice: creating device client; threaded=0
Direct3D:
    Version:  Direct3D 11.0 [level 11.1]
    Renderer: NVIDIA GeForce GTX 1650 (ID=0x1f91)
    Vendor:   
    VRAM:     3962 MB
    Driver:   27.21.14.5167
Initialize mono
Mono path[0] = 'C:/Program Files/Unity/Hub/Editor/2020.3.3f1/Editor/Data/Managed'
Mono path[1] = 'C:/Program Files/Unity/Hub/Editor/2020.3.3f1/Editor/Data/MonoBleedingEdge/lib/mono/unityjit'
Mono config path = 'C:/Program Files/Unity/Hub/Editor/2020.3.3f1/Editor/Data/MonoBleedingEdge/etc'
Using monoOptions --debugger-agent=transport=dt_socket,embedding=1,server=y,suspend=n,address=127.0.0.1:56072
Begin MonoManager ReloadAssembly
Registering precompiled unity dll's ...
Register platform support module: C:/Program Files/Unity/Hub/Editor/2020.3.3f1/Editor/Data/PlaybackEngines/WindowsStandaloneSupport/UnityEditor.WindowsStandalone.Extensions.dll
Registered in 0.003167 seconds.
Native extension for WindowsStandalone target not found
Refreshing native plugins compatible for Editor in 29.33 ms, found 0 plugins.
Preloading 0 native plugins for Editor in 0.00 ms.
Invoked RoslynAnalysisRunner static constructor.
RoslynAnalysisRunner will not be running.
RoslynAnalysisRunner has terminated.
Mono: successfully reloaded assembly
- Completed reload, in  3.998 seconds
Platform modules already initialized, skipping
Registering precompiled user dll's ...
Registered in 0.000808 seconds.
Begin MonoManager ReloadAssembly
Native extension for WindowsStandalone target not found
Refreshing native plugins compatible for Editor in 0.27 ms, found 0 plugins.
Preloading 0 native plugins for Editor in 0.00 ms.
Invoked RoslynAnalysisRunner static constructor.
RoslynAnalysisRunner will not be running.
RoslynAnalysisRunner has terminated.
Mono: successfully reloaded assembly
- Completed reload, in  0.826 seconds
Platform modules already initialized, skipping
========================================================================
Worker process is ready to serve import requests
Launched and connected shader compiler UnityShaderCompiler.exe after 0.05 seconds
Refreshing native plugins compatible for Editor in 0.37 ms, found 0 plugins.
Preloading 0 native plugins for Editor in 0.00 ms.
Unloading 1194 Unused Serialized files (Serialized files now loaded: 0)
System memory in use before: 76.5 MB.
System memory in use after: 76.5 MB.

Unloading 10 unused Assets to reduce memory usage. Loaded Objects now: 1640.
Total: 3.050900 ms (FindLiveObjects: 0.411700 ms CreateObjectMapping: 0.146500 ms MarkObjects: 2.354600 ms  DeleteObjects: 0.135400 ms)

========================================================================
Received Prepare
Registering precompiled user dll's ...
Registered in 0.000813 seconds.
Begin MonoManager ReloadAssembly
Native extension for WindowsStandalone target not found
Refreshing native plugins compatible for Editor in 0.21 ms, found 0 plugins.
Preloading 0 native plugins for Editor in 0.00 ms.
Invoked RoslynAnalysisRunner static constructor.
RoslynAnalysisRunner will not be running.
RoslynAnalysisRunner has terminated.
Mono: successfully reloaded assembly
- Completed reload, in  0.720 seconds
Platform modules already initialized, skipping
Refreshing native plugins compatible for Editor in 0.20 ms, found 0 plugins.
Preloading 0 native plugins for Editor in 0.00 ms.
Unloading 1110 Unused Serialized files (Serialized files now loaded: 0)
System memory in use before: 68.6 MB.
System memory in use after: 68.7 MB.

Unloading 5 unused Assets to reduce memory usage. Loaded Objects now: 1643.
Total: 2.002400 ms (FindLiveObjects: 0.249300 ms CreateObjectMapping: 0.040900 ms MarkObjects: 1.651900 ms  DeleteObjects: 0.059100 ms)

========================================================================
Received Prepare
Registering precompiled user dll's ...
Registered in 0.000713 seconds.
Begin MonoManager ReloadAssembly
Native extension for WindowsStandalone target not found
Refreshing native plugins compatible for Editor in 0.23 ms, found 0 plugins.
Preloading 0 native plugins for Editor in 0.00 ms.
Invoked RoslynAnalysisRunner static constructor.
RoslynAnalysisRunner will not be running.
RoslynAnalysisRunner has terminated.
Mono: successfully reloaded assembly
- Completed reload, in  0.685 seconds
Platform modules already initialized, skipping
Refreshing native plugins compatible for Editor in 0.18 ms, found 0 plugins.
Preloading 0 native plugins for Editor in 0.00 ms.
Unloading 1110 Unused Serialized files (Serialized files now loaded: 0)
System memory in use before: 68.6 MB.
System memory in use after: 68.7 MB.

Unloading 5 unused Assets to reduce memory usage. Loaded Objects now: 1646.
Total: 1.626900 ms (FindLiveObjects: 0.132000 ms CreateObjectMapping: 0.035700 ms MarkObjects: 1.402400 ms  DeleteObjects: 0.055600 ms)

========================================================================
Received Import Request.
  path: Assets/Lesson_09_10_11_Assets.zip
  artifactKey: Guid(e432f15216e860b4eab25730eb009a0a) Importer(815301076,1909f56bfc062723c751e8b465ee728b)
Start importing Assets/Lesson_09_10_11_Assets.zip using Guid(e432f15216e860b4eab25730eb009a0a) Importer(815301076,1909f56bfc062723c751e8b465ee728b)  -> (artifact id: 'a3d10e22103c3fe4094987cb37b08af9') in 0.040814 seconds
  Import took 0.042997 seconds .

========================================================================
Received Import Request.
  Time since last request: 410.194470 seconds.
  path: Assets/Standard Assets
  artifactKey: Guid(bfc96d47b0e6e7641a81ca30058fb3dc) Importer(815301076,1909f56bfc062723c751e8b465ee728b)
Start importing Assets/Standard Assets using Guid(bfc96d47b0e6e7641a81ca30058fb3dc) Importer(815301076,1909f56bfc062723c751e8b465ee728b)  -> (artifact id: 'c907499350b34040e16c8342d8e78578') in 0.015699 seconds
  Import took 0.019124 seconds .

========================================================================
Received Prepare
Registering precompiled user dll's ...
Registered in 0.000709 seconds.
Begin MonoManager ReloadAssembly
Native extension for WindowsStandalone target not found
Refreshing native plugins compatible for Editor in 0.28 ms, found 0 plugins.
Preloading 0 native plugins for Editor in 0.00 ms.
Invoked RoslynAnalysisRunner static constructor.
RoslynAnalysisRunner will not be running.
RoslynAnalysisRunner has terminated.
Mono: successfully reloaded assembly
- Completed reload, in  0.807 seconds
Platform modules already initialized, skipping
Refreshing native plugins compatible for Editor in 0.22 ms, found 0 plugins.
Preloading 0 native plugins for Editor in 0.00 ms.
Unloading 1164 Unused Serialized files (Serialized files now loaded: 0)
System memory in use before: 70.8 MB.
System memory in use after: 70.5 MB.

Unloading 7 unused Assets to reduce memory usage. Loaded Objects now: 1701.
Total: 1.972500 ms (FindLiveObjects: 0.381400 ms CreateObjectMapping: 0.049200 ms MarkObjects: 1.259400 ms  DeleteObjects: 0.280200 ms)

========================================================================
Received Prepare
Registering precompiled user dll's ...
Registered in 0.000674 seconds.
Begin MonoManager ReloadAssembly
Native extension for WindowsStandalone target not found
Refreshing native plugins compatible for Editor in 0.19 ms, found 0 plugins.
Preloading 0 native plugins for Editor in 0.00 ms.
Invoked RoslynAnalysisRunner static constructor.
RoslynAnalysisRunner will not be running.
RoslynAnalysisRunner has terminated.
Mono: successfully reloaded assembly
- Completed reload, in  0.733 seconds
Platform modules already initialized, skipping
Refreshing native plugins compatible for Editor in 0.18 ms, found 0 plugins.
Preloading 0 native plugins for Editor in 0.00 ms.
Unloading 1110 Unused Serialized files (Serialized files now loaded: 0)
System memory in use before: 69.0 MB.
System memory in use after: 69.1 MB.

Unloading 43 unused Assets to reduce memory usage. Loaded Objects now: 1666.
Total: 1.667000 ms (FindLiveObjects: 0.162400 ms CreateObjectMapping: 0.042000 ms MarkObjects: 1.387900 ms  DeleteObjects: 0.073400 ms)

========================================================================
Received Import Request.
  Time since last request: 94.031970 seconds.
  path: Assets/New Terrain.asset
  artifactKey: Guid(2997c4663066cee49b7cfe371990118c) Importer(815301076,1909f56bfc062723c751e8b465ee728b)
Start importing Assets/New Terrain.asset using Guid(2997c4663066cee49b7cfe371990118c) Importer(815301076,1909f56bfc062723c751e8b465ee728b)  -> (artifact id: '2ba8b9287d2a5b20b84861791cb001d0') in 0.057767 seconds
  Import took 0.062008 seconds .

========================================================================
Received Prepare
Registering precompiled user dll's ...
Registered in 0.000915 seconds.
Begin MonoManager ReloadAssembly
Native extension for WindowsStandalone target not found
Refreshing native plugins compatible for Editor in 0.21 ms, found 0 plugins.
Preloading 0 native plugins for Editor in 0.00 ms.
Invoked RoslynAnalysisRunner static constructor.
RoslynAnalysisRunner will not be running.
RoslynAnalysisRunner has terminated.
Mono: successfully reloaded assembly
- Completed reload, in  0.751 seconds
Platform modules already initialized, skipping
Refreshing native plugins compatible for Editor in 0.22 ms, found 0 plugins.
Preloading 0 native plugins for Editor in 0.00 ms.
Unloading 1164 Unused Serialized files (Serialized files now loaded: 0)
System memory in use before: 71.6 MB.
System memory in use after: 70.8 MB.

Unloading 9 unused Assets to reduce memory usage. Loaded Objects now: 1708.
Total: 2.014200 ms (FindLiveObjects: 0.148900 ms CreateObjectMapping: 0.038200 ms MarkObjects: 1.195700 ms  DeleteObjects: 0.630300 ms)

========================================================================
Received Import Request.
  Time since last request: 377.943471 seconds.
  path: Assets/NatureStarterKit2
  artifactKey: Guid(931e3ebc0218fd34a8d624ab11725fec) Importer(815301076,1909f56bfc062723c751e8b465ee728b)
Start importing Assets/NatureStarterKit2 using Guid(931e3ebc0218fd34a8d624ab11725fec) Importer(815301076,1909f56bfc062723c751e8b465ee728b)  -> (artifact id: '29c3f3e70a7038e862a82356b4fd51b7') in 0.009904 seconds
  Import took 0.012156 seconds .

========================================================================
Received Import Request.
  Time since last request: 0.000327 seconds.
  path: Assets/NatureStarterKit2/NewLayer.terrainlayer
  artifactKey: Guid(0a7c6c52dffeb074db1c9069678f8699) Importer(815301076,1909f56bfc062723c751e8b465ee728b)
Start importing Assets/NatureStarterKit2/NewLayer.terrainlayer using Guid(0a7c6c52dffeb074db1c9069678f8699) Importer(815301076,1909f56bfc062723c751e8b465ee728b)  -> (artifact id: '150a811e3424874983e4d81b78370b27') in 0.097487 seconds
  Import took 0.099824 seconds .

========================================================================
Received Import Request.
  Time since last request: 4.655316 seconds.
  path: Assets/NatureStarterKit2/Materials
  artifactKey: Guid(a65db9a3b1e0d314e8f7ad353924c22e) Importer(815301076,1909f56bfc062723c751e8b465ee728b)
Start importing Assets/NatureStarterKit2/Materials using Guid(a65db9a3b1e0d314e8f7ad353924c22e) Importer(815301076,1909f56bfc062723c751e8b465ee728b)  -> (artifact id: '299920e75d45ba6eaf6476b361abf93d') in 0.008284 seconds
  Import took 0.010352 seconds .

========================================================================
Received Import Request.
  Time since last request: 0.001225 seconds.
  path: Assets/NatureStarterKit2/Materials
  artifactKey: Guid(a65db9a3b1e0d314e8f7ad353924c22e) Importer(815301076,1909f56bfc062723c751e8b465ee728b)
Start importing Assets/NatureStarterKit2/Materials using Guid(a65db9a3b1e0d314e8f7ad353924c22e) Importer(815301076,1909f56bfc062723c751e8b465ee728b)  -> (artifact id: '299920e75d45ba6eaf6476b361abf93d') in 0.003692 seconds
  Import took 0.007415 seconds .

========================================================================
Received Import Request.
  Time since last request: 0.133054 seconds.
  path: Assets/NatureStarterKit2/Materials/bark01.mat
  artifactKey: Guid(429dd90a38598a6439cac85af03f10df) Importer(815301076,1909f56bfc062723c751e8b465ee728b)
Start importing Assets/NatureStarterKit2/Materials/bark01.mat using Guid(429dd90a38598a6439cac85af03f10df) Importer(815301076,1909f56bfc062723c751e8b465ee728b)  -> (artifact id: '54f9d0d15d88fac3439bd0cb78f68a84') in 0.286887 seconds
  Import took 0.289473 seconds .

========================================================================
Received Import Request.
  Time since last request: 0.000266 seconds.
  path: Assets/NatureStarterKit2/Materials/branch02.mat
  artifactKey: Guid(a907919643f983d49835ca9a994e37d4) Importer(815301076,1909f56bfc062723c751e8b465ee728b)
Start importing Assets/NatureStarterKit2/Materials/branch02.mat using Guid(a907919643f983d49835ca9a994e37d4) Importer(815301076,1909f56bfc062723c751e8b465ee728b)  -> (artifact id: '3f86449a97cb20254e82b0fc42d817ec') in 0.205598 seconds
  Import took 0.207703 seconds .

========================================================================
Received Import Request.
  Time since last request: 0.000333 seconds.
  path: Assets/NatureStarterKit2/Materials/bush01.mat
  artifactKey: Guid(216a7e882dab7d745a4fc6ccb3774f75) Importer(815301076,1909f56bfc062723c751e8b465ee728b)
Start importing Assets/NatureStarterKit2/Materials/bush01.mat using Guid(216a7e882dab7d745a4fc6ccb3774f75) Importer(815301076,1909f56bfc062723c751e8b465ee728b)  -> (artifact id: '786da7de5506e9077cef4f7369003aaf') in 0.018274 seconds
  Import took 0.020605 seconds .

========================================================================
Received Import Request.
  Time since last request: 0.000377 seconds.
  path: Assets/NatureStarterKit2/Materials/bark02.mat
  artifactKey: Guid(aa9fcb8764ab3324aa575a948d139c3a) Importer(815301076,1909f56bfc062723c751e8b465ee728b)
Start importing Assets/NatureStarterKit2/Materials/bark02.mat using Guid(aa9fcb8764ab3324aa575a948d139c3a) Importer(815301076,1909f56bfc062723c751e8b465ee728b)  -> (artifact id: '2d2c3e885c09e9041982999b827475a7') in 0.025855 seconds
  Import took 0.029620 seconds .

========================================================================
Received Import Request.
  Time since last request: 0.000428 seconds.
  path: Assets/NatureStarterKit2/Materials/skybox.mat
  artifactKey: Guid(39cace2863926444a9a78daa8ae26413) Importer(815301076,1909f56bfc062723c751e8b465ee728b)
Start importing Assets/NatureStarterKit2/Materials/skybox.mat using Guid(39cace2863926444a9a78daa8ae26413) Importer(815301076,1909f56bfc062723c751e8b465ee728b)  -> (artifact id: 'df96371453e08d9dcd4f527cf6793262') in 0.062829 seconds
  Import took 0.065737 seconds .

========================================================================
Received Import Request.
  Time since last request: 0.000303 seconds.
  path: Assets/NatureStarterKit2/Materials/sky.mat
  artifactKey: Guid(7105c6e31fe1afc4b804e755b0561048) Importer(815301076,1909f56bfc062723c751e8b465ee728b)
Start importing Assets/NatureStarterKit2/Materials/sky.mat using Guid(7105c6e31fe1afc4b804e755b0561048) Importer(815301076,1909f56bfc062723c751e8b465ee728b)  -> (artifact id: 'c3504e2474756d197b99057932d24e08') in 0.046136 seconds
  Import took 0.048211 seconds .

========================================================================
Received Import Request.
  Time since last request: 0.000410 seconds.
  path: Assets/NatureStarterKit2/Materials/bush02.mat
  artifactKey: Guid(42375d2e1d7b61744887ddc5186b7605) Importer(815301076,1909f56bfc062723c751e8b465ee728b)
Start importing Assets/NatureStarterKit2/Materials/bush02.mat using Guid(42375d2e1d7b61744887ddc5186b7605) Importer(815301076,1909f56bfc062723c751e8b465ee728b)  -> (artifact id: '40f04d83f5cc0784e25e1be40aca3b6e') in 0.017696 seconds
  Import took 0.019941 seconds .

========================================================================
Received Import Request.
  Time since last request: 0.000378 seconds.
  path: Assets/NatureStarterKit2/Materials/branch01.mat
  artifactKey: Guid(18ff38cc93a44014c90e92f3baa1c69e) Importer(815301076,1909f56bfc062723c751e8b465ee728b)
Start importing Assets/NatureStarterKit2/Materials/branch01.mat using Guid(18ff38cc93a44014c90e92f3baa1c69e) Importer(815301076,1909f56bfc062723c751e8b465ee728b)  -> (artifact id: '745cd41aa97a0274a810172e16f322e3') in 0.019710 seconds
  Import took 0.022317 seconds .

========================================================================
Received Import Request.
  Time since last request: 4.490307 seconds.
  path: Assets/NatureStarterKit2/Textures
  artifactKey: Guid(bf05804e364574741af6579b8610f8ce) Importer(815301076,1909f56bfc062723c751e8b465ee728b)
Start importing Assets/NatureStarterKit2/Textures using Guid(bf05804e364574741af6579b8610f8ce) Importer(815301076,1909f56bfc062723c751e8b465ee728b)  -> (artifact id: '15233e30313abab837f7ab0363805ee8') in 0.012288 seconds
  Import took 0.015231 seconds .

========================================================================
Received Import Request.
  Time since last request: 0.002302 seconds.
  path: Assets/NatureStarterKit2/Textures
  artifactKey: Guid(bf05804e364574741af6579b8610f8ce) Importer(815301076,1909f56bfc062723c751e8b465ee728b)
Start importing Assets/NatureStarterKit2/Textures using Guid(bf05804e364574741af6579b8610f8ce) Importer(815301076,1909f56bfc062723c751e8b465ee728b)  -> (artifact id: '15233e30313abab837f7ab0363805ee8') in 0.005044 seconds
  Import took 0.008688 seconds .

========================================================================
Received Import Request.
  Time since last request: 0.221472 seconds.
  path: Assets/NatureStarterKit2/Textures/bark01.tga
  artifactKey: Guid(0b851eea454bcc74ebf763a1e97d7c2f) Importer(815301076,1909f56bfc062723c751e8b465ee728b)
Start importing Assets/NatureStarterKit2/Textures/bark01.tga using Guid(0b851eea454bcc74ebf763a1e97d7c2f) Importer(815301076,1909f56bfc062723c751e8b465ee728b)  -> (artifact id: '32737b7f36c6105d9caa057bf1c12d1c') in 0.017128 seconds
  Import took 0.020108 seconds .

========================================================================
Received Import Request.
  Time since last request: 0.000331 seconds.
  path: Assets/NatureStarterKit2/Textures/ground03.tga
  artifactKey: Guid(5edd0aaa57578b84da829c036eecf914) Importer(815301076,1909f56bfc062723c751e8b465ee728b)
Start importing Assets/NatureStarterKit2/Textures/ground03.tga using Guid(5edd0aaa57578b84da829c036eecf914) Importer(815301076,1909f56bfc062723c751e8b465ee728b)  -> (artifact id: '79f871dc2b316732e2b2602ef28aadf3') in 0.019435 seconds
  Import took 0.022201 seconds .

========================================================================
Received Import Request.
  Time since last request: 0.000304 seconds.
  path: Assets/NatureStarterKit2/Textures/bark02.tga
  artifactKey: Guid(cd130f36a968f1e4d8dfc96a655a9c32) Importer(815301076,1909f56bfc062723c751e8b465ee728b)
Start importing Assets/NatureStarterKit2/Textures/bark02.tga using Guid(cd130f36a968f1e4d8dfc96a655a9c32) Importer(815301076,1909f56bfc062723c751e8b465ee728b)  -> (artifact id: 'd53892f8f9809289ea3a1a0d60e7bf76') in 0.015693 seconds
  Import took 0.019226 seconds .

========================================================================
Received Import Request.
  Time since last request: 0.000346 seconds.
  path: Assets/NatureStarterKit2/Textures/ground03.psd
  artifactKey: Guid(8d1a7eedfea109c4f892a29974c0b440) Importer(815301076,1909f56bfc062723c751e8b465ee728b)
Start importing Assets/NatureStarterKit2/Textures/ground03.psd using Guid(8d1a7eedfea109c4f892a29974c0b440) Importer(815301076,1909f56bfc062723c751e8b465ee728b)  -> (artifact id: '50bde9b22aea99b6f65ac54bca6ccf39') in 0.030277 seconds
  Import took 0.034080 seconds .

========================================================================
Received Import Request.
  Time since last request: 0.000305 seconds.
  path: Assets/NatureStarterKit2/Textures/grass01.tga
  artifactKey: Guid(18023b893dedc2f41b2735582b22036c) Importer(815301076,1909f56bfc062723c751e8b465ee728b)
Start importing Assets/NatureStarterKit2/Textures/grass01.tga using Guid(18023b893dedc2f41b2735582b22036c) Importer(815301076,1909f56bfc062723c751e8b465ee728b)  -> (artifact id: '0a764eca01fc8227d103e7131198e1c8') in 0.026132 seconds
  Import took 0.028584 seconds .

========================================================================
Received Import Request.
  Time since last request: 0.000359 seconds.
  path: Assets/NatureStarterKit2/Textures/sky.psd
  artifactKey: Guid(76978aa5b0f025044af653342c95adac) Importer(815301076,1909f56bfc062723c751e8b465ee728b)
Start importing Assets/NatureStarterKit2/Textures/sky.psd using Guid(76978aa5b0f025044af653342c95adac) Importer(815301076,1909f56bfc062723c751e8b465ee728b)  -> (artifact id: '6f2568a9a9c585fc986634b475a87535') in 0.021458 seconds
  Import took 0.024805 seconds .

========================================================================
Received Import Request.
  Time since last request: 0.000643 seconds.
  path: Assets/NatureStarterKit2/Textures/sky.tga
  artifactKey: Guid(566cada353cad2441ba7b045c8ea1a79) Importer(815301076,1909f56bfc062723c751e8b465ee728b)
Start importing Assets/NatureStarterKit2/Textures/sky.tga using Guid(566cada353cad2441ba7b045c8ea1a79) Importer(815301076,1909f56bfc062723c751e8b465ee728b)  -> (artifact id: '693c0144f0c3283cd4c132e4b58b6a43') in 0.039076 seconds
  Import took 0.043066 seconds .

========================================================================
Received Import Request.
  Time since last request: 0.000326 seconds.
  path: Assets/NatureStarterKit2/Textures/ground02.tga
  artifactKey: Guid(3e8f839d23c8c7f42b81fc76f0dbeb9f) Importer(815301076,1909f56bfc062723c751e8b465ee728b)
Start importing Assets/NatureStarterKit2/Textures/ground02.tga using Guid(3e8f839d23c8c7f42b81fc76f0dbeb9f) Importer(815301076,1909f56bfc062723c751e8b465ee728b)  -> (artifact id: '223dd083baf38bcb1f2d2338acb4ec20') in 0.019580 seconds
  Import took 0.021833 seconds .

========================================================================
Received Import Request.
  Time since last request: 0.000383 seconds.
  path: Assets/NatureStarterKit2/Textures/branch01.tga
  artifactKey: Guid(9dd29b2fd426d81459d6020818e420ac) Importer(815301076,1909f56bfc062723c751e8b465ee728b)
Start importing Assets/NatureStarterKit2/Textures/branch01.tga using Guid(9dd29b2fd426d81459d6020818e420ac) Importer(815301076,1909f56bfc062723c751e8b465ee728b)  -> (artifact id: '9b4ccda2edc19e45d7f1008125320919') in 0.020681 seconds
  Import took 0.025418 seconds .

========================================================================
Received Import Request.
  Time since last request: 0.000319 seconds.
  path: Assets/NatureStarterKit2/Textures/grass02.tga
  artifactKey: Guid(e3f873c56651ccd4a83ab80769dd19f3) Importer(815301076,1909f56bfc062723c751e8b465ee728b)
Start importing Assets/NatureStarterKit2/Textures/grass02.tga using Guid(e3f873c56651ccd4a83ab80769dd19f3) Importer(815301076,1909f56bfc062723c751e8b465ee728b)  -> (artifact id: 'dc44c6277562047a7916e19864d5ea7c') in 0.026787 seconds
  Import took 0.028857 seconds .

========================================================================
Received Import Request.
  Time since last request: 0.000245 seconds.
  path: Assets/NatureStarterKit2/Textures/ground01.tga
  artifactKey: Guid(ffbc4ff073065254585f69e966389160) Importer(815301076,1909f56bfc062723c751e8b465ee728b)
Start importing Assets/NatureStarterKit2/Textures/ground01.tga using Guid(ffbc4ff073065254585f69e966389160) Importer(815301076,1909f56bfc062723c751e8b465ee728b)  -> (artifact id: '78a4272105c6dba2c3f96713ff0e4203') in 0.021474 seconds
  Import took 0.023923 seconds .

========================================================================
Received Import Request.
  Time since last request: 0.000300 seconds.
  path: Assets/NatureStarterKit2/Textures/bush01.tga
  artifactKey: Guid(cd0dd843ef8672e4896d03c7a66fa5da) Importer(815301076,1909f56bfc062723c751e8b465ee728b)
Start importing Assets/NatureStarterKit2/Textures/bush01.tga using Guid(cd0dd843ef8672e4896d03c7a66fa5da) Importer(815301076,1909f56bfc062723c751e8b465ee728b)  -> (artifact id: 'bb70f5b964be76cc26263af983875dcd') in 0.019849 seconds
  Import took 0.023186 seconds .

========================================================================
Received Import Request.
  Time since last request: 0.000292 seconds.
  path: Assets/NatureStarterKit2/Textures/ground01.psd
  artifactKey: Guid(85cdb49f460bbf14a82b8ea1c20c07bc) Importer(815301076,1909f56bfc062723c751e8b465ee728b)
Start importing Assets/NatureStarterKit2/Textures/ground01.psd using Guid(85cdb49f460bbf14a82b8ea1c20c07bc) Importer(815301076,1909f56bfc062723c751e8b465ee728b)  -> (artifact id: 'd25a0e2a39d13f0f302e19f42f4c78c7') in 0.026302 seconds
  Import took 0.028964 seconds .

========================================================================
Received Import Request.
  Time since last request: 8.898173 seconds.
  path: Assets/NatureStarterKit2/Standard Assets/Effects/TessellationShaders/Textures/CliffHeight.png
  artifactKey: Guid(17da6d53ec93a0444bd0f751b1d02477) Importer(815301076,1909f56bfc062723c751e8b465ee728b)
Start importing Assets/NatureStarterKit2/Standard Assets/Effects/TessellationShaders/Textures/CliffHeight.png using Guid(17da6d53ec93a0444bd0f751b1d02477) Importer(815301076,1909f56bfc062723c751e8b465ee728b)  -> (artifact id: '5664cb53836394ab0b27b2438eeee9ac') in 0.061234 seconds
  Import took 0.064625 seconds .

========================================================================
Received Import Request.
  Time since last request: 0.000295 seconds.
  path: Assets/NatureStarterKit2/Standard Assets/Effects/TessellationShaders/Textures/CliffNormals.png
  artifactKey: Guid(e08c295755c0885479ad19f518286ff2) Importer(815301076,1909f56bfc062723c751e8b465ee728b)
Start importing Assets/NatureStarterKit2/Standard Assets/Effects/TessellationShaders/Textures/CliffNormals.png using Guid(e08c295755c0885479ad19f518286ff2) Importer(815301076,1909f56bfc062723c751e8b465ee728b)  -> (artifact id: 'ce4aec70e9dbe7f3eace551eabbe61a6') in 0.020784 seconds
  Import took 0.023677 seconds .

========================================================================
Received Import Request.
  Time since last request: 0.000354 seconds.
  path: Assets/NatureStarterKit2/Standard Assets/Effects/TessellationShaders/Textures/CliffHeight.png
  artifactKey: Guid(17da6d53ec93a0444bd0f751b1d02477) Importer(815301076,1909f56bfc062723c751e8b465ee728b)
Start importing Assets/NatureStarterKit2/Standard Assets/Effects/TessellationShaders/Textures/CliffHeight.png using Guid(17da6d53ec93a0444bd0f751b1d02477) Importer(815301076,1909f56bfc062723c751e8b465ee728b)  -> (artifact id: '5664cb53836394ab0b27b2438eeee9ac') in 0.018788 seconds
  Import took 0.022765 seconds .

========================================================================
Received Import Request.
  Time since last request: 0.000427 seconds.
  path: Assets/NatureStarterKit2/Standard Assets/Effects/ImageEffects/Textures/ContrastEnhanced3D16.png
  artifactKey: Guid(ecd9a2c463dcb476891e43d7c9f16ffa) Importer(815301076,1909f56bfc062723c751e8b465ee728b)
Start importing Assets/NatureStarterKit2/Standard Assets/Effects/ImageEffects/Textures/ContrastEnhanced3D16.png using Guid(ecd9a2c463dcb476891e43d7c9f16ffa) Importer(815301076,1909f56bfc062723c751e8b465ee728b)  -> (artifact id: 'dd5fa2fed19a4238fd4e7a4a13c9a758') in 0.021382 seconds
  Import took 0.023698 seconds .

========================================================================
Received Import Request.
  Time since last request: 0.000259 seconds.
  path: Assets/NatureStarterKit2/Standard Assets/Effects/ImageEffects/Textures/color correction ramp.png
  artifactKey: Guid(d440902fad11e807d00044888d76c639) Importer(815301076,1909f56bfc062723c751e8b465ee728b)
Start importing Assets/NatureStarterKit2/Standard Assets/Effects/ImageEffects/Textures/color correction ramp.png using Guid(d440902fad11e807d00044888d76c639) Importer(815301076,1909f56bfc062723c751e8b465ee728b)  -> (artifact id: '52a49ab823913d61a332ac8d8dfbb8cd') in 0.016649 seconds
  Import took 0.019047 seconds .

========================================================================
Received Import Request.
  Time since last request: 1.057676 seconds.
  path: Assets/NatureStarterKit2/Nature/bush01_Textures/diffuse.png
  artifactKey: Guid(f09d087d144fc6f4a8b97c748f7e48f1) Importer(815301076,1909f56bfc062723c751e8b465ee728b)
Start importing Assets/NatureStarterKit2/Nature/bush01_Textures/diffuse.png using Guid(f09d087d144fc6f4a8b97c748f7e48f1) Importer(815301076,1909f56bfc062723c751e8b465ee728b)  -> (artifact id: 'de4e05cb835de987e85a919165a26643') in 0.012991 seconds
  Import took 0.015246 seconds .

========================================================================
Received Import Request.
  Time since last request: 0.000252 seconds.
  path: Assets/NatureStarterKit2/Nature/bush06_Textures/diffuse.png
  artifactKey: Guid(c40a1e1e56a4e2a48880f0c13f4af075) Importer(815301076,1909f56bfc062723c751e8b465ee728b)
Start importing Assets/NatureStarterKit2/Nature/bush06_Textures/diffuse.png using Guid(c40a1e1e56a4e2a48880f0c13f4af075) Importer(815301076,1909f56bfc062723c751e8b465ee728b)  -> (artifact id: '0842387307bf3102ef0c7c5bd28c0ad3') in 0.013032 seconds
  Import took 0.015539 seconds .

========================================================================
Received Import Request.
  Time since last request: 0.900902 seconds.
  path: Assets/NatureStarterKit2/Nature/tree03_Textures/diffuse.png
  artifactKey: Guid(f82d7808d61c0fe40ac870b61d38c05f) Importer(815301076,1909f56bfc062723c751e8b465ee728b)
Start importing Assets/NatureStarterKit2/Nature/tree03_Textures/diffuse.png using Guid(f82d7808d61c0fe40ac870b61d38c05f) Importer(815301076,1909f56bfc062723c751e8b465ee728b)  -> (artifact id: 'd74d0d595c91d2bac35c4fc9785375f4') in 0.011702 seconds
  Import took 0.014399 seconds .

========================================================================
Received Import Request.
  Time since last request: 0.000265 seconds.
  path: Assets/NatureStarterKit2/Nature/tree04_Textures/diffuse.png
  artifactKey: Guid(2358a0d0a1cf20d4ea0018c742bd06e4) Importer(815301076,1909f56bfc062723c751e8b465ee728b)
Start importing Assets/NatureStarterKit2/Nature/tree04_Textures/diffuse.png using Guid(2358a0d0a1cf20d4ea0018c742bd06e4) Importer(815301076,1909f56bfc062723c751e8b465ee728b)  -> (artifact id: '355d374b6a04008e3a9865aeac00aa05') in 0.008836 seconds
  Import took 0.010841 seconds .

========================================================================
Received Import Request.
  Time since last request: 0.452552 seconds.
  path: Assets/NatureStarterKit2/Nature/bush05_Textures/diffuse.png
  artifactKey: Guid(99594b157f839144d8c0e173b04dc37a) Importer(815301076,1909f56bfc062723c751e8b465ee728b)
Start importing Assets/NatureStarterKit2/Nature/bush05_Textures/diffuse.png using Guid(99594b157f839144d8c0e173b04dc37a) Importer(815301076,1909f56bfc062723c751e8b465ee728b)  -> (artifact id: '0dabe2e7297695caa33208fff1ad81d3') in 0.010593 seconds
  Import took 0.013448 seconds .

========================================================================
Received Import Request.
  Time since last request: 0.000329 seconds.
  path: Assets/NatureStarterKit2/Nature/tree01_Textures/diffuse.png
  artifactKey: Guid(bc1041f423dc3314e8998435028d0fd3) Importer(815301076,1909f56bfc062723c751e8b465ee728b)
Start importing Assets/NatureStarterKit2/Nature/tree01_Textures/diffuse.png using Guid(bc1041f423dc3314e8998435028d0fd3) Importer(815301076,1909f56bfc062723c751e8b465ee728b)  -> (artifact id: '83d4258b9058a1e60d4bd2cfc6fa5a19') in 0.008080 seconds
  Import took 0.010188 seconds .

========================================================================
Received Import Request.
  Time since last request: 0.535647 seconds.
  path: Assets/NatureStarterKit2/Nature/bush04_Textures/diffuse.png
  artifactKey: Guid(1bc291dddd73b3546b8d909b1c407553) Importer(815301076,1909f56bfc062723c751e8b465ee728b)
Start importing Assets/NatureStarterKit2/Nature/bush04_Textures/diffuse.png using Guid(1bc291dddd73b3546b8d909b1c407553) Importer(815301076,1909f56bfc062723c751e8b465ee728b)  -> (artifact id: '5f48d9041136c28709953d58e0dc9768') in 0.007713 seconds
  Import took 0.010162 seconds .

========================================================================
Received Import Request.
  Time since last request: 0.000285 seconds.
  path: Assets/NatureStarterKit2/Nature/tree02_Textures/diffuse.png
  artifactKey: Guid(da4827ac8df28d1439b10b2ec7735a68) Importer(815301076,1909f56bfc062723c751e8b465ee728b)
Start importing Assets/NatureStarterKit2/Nature/tree02_Textures/diffuse.png using Guid(da4827ac8df28d1439b10b2ec7735a68) Importer(815301076,1909f56bfc062723c751e8b465ee728b)  -> (artifact id: '3fc0f7b87df11a35ba4b630291a906eb') in 0.011622 seconds
  Import took 0.014091 seconds .

========================================================================
Received Import Request.
  Time since last request: 0.053741 seconds.
  path: Assets/NatureStarterKit2/Nature/bush03_Textures/diffuse.png
  artifactKey: Guid(bafd27072aee8654485c538f80de7dd8) Importer(815301076,1909f56bfc062723c751e8b465ee728b)
Start importing Assets/NatureStarterKit2/Nature/bush03_Textures/diffuse.png using Guid(bafd27072aee8654485c538f80de7dd8) Importer(815301076,1909f56bfc062723c751e8b465ee728b)  -> (artifact id: '1a7eb29adb13a1e4d1aeb074ddead75e') in 0.011870 seconds
  Import took 0.014706 seconds .

========================================================================
Received Import Request.
  Time since last request: 0.000348 seconds.
  path: Assets/NatureStarterKit2/Nature/bush02_Textures/diffuse.png
  artifactKey: Guid(4fde83dbcc90ddf4496b7d4b4a533032) Importer(815301076,1909f56bfc062723c751e8b465ee728b)
Start importing Assets/NatureStarterKit2/Nature/bush02_Textures/diffuse.png using Guid(4fde83dbcc90ddf4496b7d4b4a533032) Importer(815301076,1909f56bfc062723c751e8b465ee728b)  -> (artifact id: '4d4a35ddfe64600dd2f34b60f4eb6db2') in 0.011252 seconds
  Import took 0.014682 seconds .

========================================================================
Received Import Request.
  Time since last request: 0.392255 seconds.
  path: Assets/NatureStarterKit2/Standard Assets/Effects/Projectors/Textures/Falloff.psd
  artifactKey: Guid(23740055e2b119e40a939138ab8070f8) Importer(815301076,1909f56bfc062723c751e8b465ee728b)
Start importing Assets/NatureStarterKit2/Standard Assets/Effects/Projectors/Textures/Falloff.psd using Guid(23740055e2b119e40a939138ab8070f8) Importer(815301076,1909f56bfc062723c751e8b465ee728b)  -> (artifact id: 'e508779dbe7a30bb063292fbfda1cd4e') in 0.011200 seconds
  Import took 0.013676 seconds .

========================================================================
Received Import Request.
  Time since last request: 0.000362 seconds.
  path: Assets/NatureStarterKit2/Standard Assets/Effects/LightFlares/Textures/Flare50mm.psd
  artifactKey: Guid(23a02ac18d11c9ffa0009c58a8ad6659) Importer(815301076,1909f56bfc062723c751e8b465ee728b)
Start importing Assets/NatureStarterKit2/Standard Assets/Effects/LightFlares/Textures/Flare50mm.psd using Guid(23a02ac18d11c9ffa0009c58a8ad6659) Importer(815301076,1909f56bfc062723c751e8b465ee728b)  -> (artifact id: '77c7149b8427d1ff316b144dc58b56c5') in 0.015081 seconds
  Import took 0.017848 seconds .

========================================================================
Received Import Request.
  Time since last request: 0.029239 seconds.
  path: Assets/NatureStarterKit2/Standard Assets/Effects/LightFlares/Textures/FlareStar.psd
  artifactKey: Guid(51dc82ef9d11c594d000e7c9e39e7c39) Importer(815301076,1909f56bfc062723c751e8b465ee728b)
Start importing Assets/NatureStarterKit2/Standard Assets/Effects/LightFlares/Textures/FlareStar.psd using Guid(51dc82ef9d11c594d000e7c9e39e7c39) Importer(815301076,1909f56bfc062723c751e8b465ee728b)  -> (artifact id: 'f1edfdf7c24f15279954071dfbfbb360') in 0.018649 seconds
  Import took 0.021710 seconds .

========================================================================
Received Import Request.
  Time since last request: 0.000270 seconds.
  path: Assets/NatureStarterKit2/Standard Assets/Effects/LightCookies/Textures/FlashlightCookie.tif
  artifactKey: Guid(2c29c08dd1c0b6749b7cd0fcff7a29fd) Importer(815301076,1909f56bfc062723c751e8b465ee728b)
Start importing Assets/NatureStarterKit2/Standard Assets/Effects/LightCookies/Textures/FlashlightCookie.tif using Guid(2c29c08dd1c0b6749b7cd0fcff7a29fd) Importer(815301076,1909f56bfc062723c751e8b465ee728b)  -> (artifact id: 'a8b483912301cd82446fe7f35a7c0ca3') in 0.030202 seconds
  Import took 0.032811 seconds .

========================================================================
Received Import Request.
  Time since last request: 0.378561 seconds.
  path: Assets/NatureStarterKit2/Standard Assets/Effects/LightCookies/Textures/FlashlightIrregularCookie.tif
  artifactKey: Guid(641bb2dce818a8a499b537a1963889ac) Importer(815301076,1909f56bfc062723c751e8b465ee728b)
Start importing Assets/NatureStarterKit2/Standard Assets/Effects/LightCookies/Textures/FlashlightIrregularCookie.tif using Guid(641bb2dce818a8a499b537a1963889ac) Importer(815301076,1909f56bfc062723c751e8b465ee728b)  -> (artifact id: '3c622b06af4f0ddaa0f4552b6a87bdfb') in 0.010749 seconds
  Import took 0.013180 seconds .

========================================================================
Received Import Request.
  Time since last request: 0.000269 seconds.
  path: Assets/NatureStarterKit2/Standard Assets/Effects/GlassRefraction/Textures/GlassStainedAlbedo.tif
  artifactKey: Guid(19555d7d9d114c7f1100f5ab44295342) Importer(815301076,1909f56bfc062723c751e8b465ee728b)
Start importing Assets/NatureStarterKit2/Standard Assets/Effects/GlassRefraction/Textures/GlassStainedAlbedo.tif using Guid(19555d7d9d114c7f1100f5ab44295342) Importer(815301076,1909f56bfc062723c751e8b465ee728b)  -> (artifact id: 'e282e1c02137b6e12ce9f4cb406045d6') in 0.013059 seconds
  Import took 0.015400 seconds .

========================================================================
Received Import Request.
  Time since last request: 0.029176 seconds.
  path: Assets/NatureStarterKit2/Standard Assets/Effects/GlassRefraction/Textures/GlassStainedNormals.tif
  artifactKey: Guid(4b8d081e9d114c7f1100f5ab44295342) Importer(815301076,1909f56bfc062723c751e8b465ee728b)
Start importing Assets/NatureStarterKit2/Standard Assets/Effects/GlassRefraction/Textures/GlassStainedNormals.tif using Guid(4b8d081e9d114c7f1100f5ab44295342) Importer(815301076,1909f56bfc062723c751e8b465ee728b)  -> (artifact id: '5f04459ef24fb65e74aee07bf133042f') in 0.027375 seconds
  Import took 0.031621 seconds .

========================================================================
Received Import Request.
  Time since last request: 0.425844 seconds.
  path: Assets/NatureStarterKit2/Standard Assets/Effects/ImageEffects/Textures/grayscale ramp.png
  artifactKey: Guid(e9a9781cad112c75d0008dfa8d76c639) Importer(815301076,1909f56bfc062723c751e8b465ee728b)
Start importing Assets/NatureStarterKit2/Standard Assets/Effects/ImageEffects/Textures/grayscale ramp.png using Guid(e9a9781cad112c75d0008dfa8d76c639) Importer(815301076,1909f56bfc062723c751e8b465ee728b)  -> (artifact id: '0f6e1786b0f49057d7e69484789f5a36') in 0.010915 seconds
  Import took 0.013434 seconds .

========================================================================
Received Import Request.
  Time since last request: 0.464451 seconds.
  path: Assets/NatureStarterKit2/Standard Assets/Effects/Projectors/Textures/Grid.psd
  artifactKey: Guid(529239097d02f9f42b0ddd436c6fcbb0) Importer(815301076,1909f56bfc062723c751e8b465ee728b)
Start importing Assets/NatureStarterKit2/Standard Assets/Effects/Projectors/Textures/Grid.psd using Guid(529239097d02f9f42b0ddd436c6fcbb0) Importer(815301076,1909f56bfc062723c751e8b465ee728b)  -> (artifact id: 'ebb7221739840048c335903b17ffc956') in 0.013010 seconds
  Import took 0.015210 seconds .

========================================================================
Received Import Request.
  Time since last request: 0.496301 seconds.
  path: Assets/NatureStarterKit2/Standard Assets/Effects/ImageEffects/Textures/HexShape.psd
  artifactKey: Guid(a4cdca73d61814d33ac1587f6c163bca) Importer(815301076,1909f56bfc062723c751e8b465ee728b)
Start importing Assets/NatureStarterKit2/Standard Assets/Effects/ImageEffects/Textures/HexShape.psd using Guid(a4cdca73d61814d33ac1587f6c163bca) Importer(815301076,1909f56bfc062723c751e8b465ee728b)  -> (artifact id: '8bef72d228df13abd75f14b64b1cdb87') in 0.010962 seconds
  Import took 0.013223 seconds .

========================================================================
Received Import Request.
  Time since last request: 0.000328 seconds.
  path: Assets/NatureStarterKit2/Standard Assets/Effects/Projectors/Textures/Light.psd
  artifactKey: Guid(b1d7fee26e54cc3498f6267f072a45b9) Importer(815301076,1909f56bfc062723c751e8b465ee728b)
Start importing Assets/NatureStarterKit2/Standard Assets/Effects/Projectors/Textures/Light.psd using Guid(b1d7fee26e54cc3498f6267f072a45b9) Importer(815301076,1909f56bfc062723c751e8b465ee728b)  -> (artifact id: '2a88bd484be73a7c95102ce5ac0c9b46') in 0.013916 seconds
  Import took 0.016526 seconds .

========================================================================
Received Import Request.
  Time since last request: 596.204821 seconds.
  path: Assets/NatureStarterKit2/Standard Assets
  artifactKey: Guid(9b8ade7eba1f7d343843ab9f870b877f) Importer(815301076,1909f56bfc062723c751e8b465ee728b)
Start importing Assets/NatureStarterKit2/Standard Assets using Guid(9b8ade7eba1f7d343843ab9f870b877f) Importer(815301076,1909f56bfc062723c751e8b465ee728b)  -> (artifact id: '8e922a87f621e95844f584d6e2a09f25') in 0.012077 seconds
  Import took 0.017885 seconds .

========================================================================
Received Import Request.
  Time since last request: 0.001212 seconds.
  path: Assets/NatureStarterKit2/Standard Assets
  artifactKey: Guid(9b8ade7eba1f7d343843ab9f870b877f) Importer(815301076,1909f56bfc062723c751e8b465ee728b)
Start importing Assets/NatureStarterKit2/Standard Assets using Guid(9b8ade7eba1f7d343843ab9f870b877f) Importer(815301076,1909f56bfc062723c751e8b465ee728b)  -> (artifact id: '8e922a87f621e95844f584d6e2a09f25') in 0.006809 seconds
  Import took 0.009159 seconds .

========================================================================
Received Import Request.
  Time since last request: 1.472270 seconds.
  path: Assets/NatureStarterKit2/Standard Assets/Effects
  artifactKey: Guid(115d1f9d9bd29064ab981e57c8fc8cdf) Importer(815301076,1909f56bfc062723c751e8b465ee728b)
Start importing Assets/NatureStarterKit2/Standard Assets/Effects using Guid(115d1f9d9bd29064ab981e57c8fc8cdf) Importer(815301076,1909f56bfc062723c751e8b465ee728b)  -> (artifact id: 'da6c18277ce59346be5e4d375366e9db') in 0.008533 seconds
  Import took 0.011503 seconds .

========================================================================
Received Import Request.
  Time since last request: 4.029395 seconds.
  path: Assets/NatureStarterKit2/Nature
  artifactKey: Guid(021c6f6f5587fce4fa4829fa5ddc3bba) Importer(815301076,1909f56bfc062723c751e8b465ee728b)
Start importing Assets/NatureStarterKit2/Nature using Guid(021c6f6f5587fce4fa4829fa5ddc3bba) Importer(815301076,1909f56bfc062723c751e8b465ee728b)  -> (artifact id: 'f639ead8f29fe9f869551386fb86506c') in 0.012977 seconds
  Import took 0.018085 seconds .

========================================================================
Received Import Request.
  Time since last request: 0.078227 seconds.
  path: Assets/NatureStarterKit2/Nature/bush01.prefab
  artifactKey: Guid(d638ef2ca2fe20c4c9c08e125692d3f4) Importer(815301076,1909f56bfc062723c751e8b465ee728b)
Start importing Assets/NatureStarterKit2/Nature/bush01.prefab using Guid(d638ef2ca2fe20c4c9c08e125692d3f4) Importer(815301076,1909f56bfc062723c751e8b465ee728b)  -> (artifact id: '41cf2718d1a51719b798130c4779c00a') in 0.766007 seconds
  Import took 0.768998 seconds .

========================================================================
Received Import Request.
  Time since last request: 0.000398 seconds.
  path: Assets/NatureStarterKit2/Nature/tree02.prefab
  artifactKey: Guid(c63ea781a273235439e583799176c846) Importer(815301076,1909f56bfc062723c751e8b465ee728b)
Start importing Assets/NatureStarterKit2/Nature/tree02.prefab using Guid(c63ea781a273235439e583799176c846) Importer(815301076,1909f56bfc062723c751e8b465ee728b)  -> (artifact id: '44850762071af6c914453c9d7c15f238') in 0.057968 seconds
  Import took 0.060937 seconds .

========================================================================
Received Import Request.
  Time since last request: 0.000362 seconds.
  path: Assets/NatureStarterKit2/Nature/tree03.prefab
  artifactKey: Guid(4e2dd32c733005a44b50004d673dc653) Importer(815301076,1909f56bfc062723c751e8b465ee728b)
Start importing Assets/NatureStarterKit2/Nature/tree03.prefab using Guid(4e2dd32c733005a44b50004d673dc653) Importer(815301076,1909f56bfc062723c751e8b465ee728b)  -> (artifact id: '78c08fc5d73c429f4e1e0c956c3cb248') in 0.063289 seconds
  Import took 0.065369 seconds .

========================================================================
Received Import Request.
  Time since last request: 0.000299 seconds.
  path: Assets/NatureStarterKit2/Nature/bush03.prefab
  artifactKey: Guid(9c74caa742791864f9c678287121e6c9) Importer(815301076,1909f56bfc062723c751e8b465ee728b)
Start importing Assets/NatureStarterKit2/Nature/bush03.prefab using Guid(9c74caa742791864f9c678287121e6c9) Importer(815301076,1909f56bfc062723c751e8b465ee728b)  -> (artifact id: '39af83a34869c9e9a2aff18832f416e8') in 0.067299 seconds
  Import took 0.070259 seconds .

========================================================================
Received Import Request.
  Time since last request: 0.000672 seconds.
  path: Assets/NatureStarterKit2/Nature/bush05.prefab
  artifactKey: Guid(bb660abd3b29d9f44866fd79795dbca4) Importer(815301076,1909f56bfc062723c751e8b465ee728b)
Start importing Assets/NatureStarterKit2/Nature/bush05.prefab using Guid(bb660abd3b29d9f44866fd79795dbca4) Importer(815301076,1909f56bfc062723c751e8b465ee728b)  -> (artifact id: 'a67afed828830c5b140ca038eb46dea7') in 0.062836 seconds
  Import took 0.065742 seconds .

========================================================================
Received Import Request.
  Time since last request: 0.000344 seconds.
  path: Assets/NatureStarterKit2/Nature/bush06.prefab
  artifactKey: Guid(f62058cb710fd1745a24102fff0edd46) Importer(815301076,1909f56bfc062723c751e8b465ee728b)
Start importing Assets/NatureStarterKit2/Nature/bush06.prefab using Guid(f62058cb710fd1745a24102fff0edd46) Importer(815301076,1909f56bfc062723c751e8b465ee728b)  -> (artifact id: '7b8aa9ad15a695590ddf8ab38226baa5') in 0.061365 seconds
  Import took 0.063832 seconds .

========================================================================
Received Import Request.
  Time since last request: 0.000300 seconds.
  path: Assets/NatureStarterKit2/Nature/bush02.prefab
  artifactKey: Guid(ec78ebca7517fb745a45a931cb06d2bd) Importer(815301076,1909f56bfc062723c751e8b465ee728b)
Start importing Assets/NatureStarterKit2/Nature/bush02.prefab using Guid(ec78ebca7517fb745a45a931cb06d2bd) Importer(815301076,1909f56bfc062723c751e8b465ee728b)  -> (artifact id: '1060864fa6a49a9d6e34531afcf746e7') in 0.055002 seconds
  Import took 0.059282 seconds .

========================================================================
Received Import Request.
  Time since last request: 0.000374 seconds.
  path: Assets/NatureStarterKit2/Nature/tree04.prefab
  artifactKey: Guid(aae542b8a65f39b49b008fa689ce9804) Importer(815301076,1909f56bfc062723c751e8b465ee728b)
Start importing Assets/NatureStarterKit2/Nature/tree04.prefab using Guid(aae542b8a65f39b49b008fa689ce9804) Importer(815301076,1909f56bfc062723c751e8b465ee728b)  -> (artifact id: '88a56200a0003dff70ebce0d641de96e') in 0.064267 seconds
  Import took 0.067565 seconds .

========================================================================
Received Import Request.
  Time since last request: 0.000281 seconds.
  path: Assets/NatureStarterKit2/Nature/tree01.prefab
  artifactKey: Guid(393b236c42954a640b513d46de90ac38) Importer(815301076,1909f56bfc062723c751e8b465ee728b)
Start importing Assets/NatureStarterKit2/Nature/tree01.prefab using Guid(393b236c42954a640b513d46de90ac38) Importer(815301076,1909f56bfc062723c751e8b465ee728b)  -> (artifact id: '15ec5a92e86793b9d9a57735dd743472') in 0.064218 seconds
  Import took 0.066735 seconds .

========================================================================
Received Import Request.
  Time since last request: 0.000247 seconds.
  path: Assets/NatureStarterKit2/Nature/bush04.prefab
  artifactKey: Guid(d15b44addf30da74f946086ec0aa993c) Importer(815301076,1909f56bfc062723c751e8b465ee728b)
Start importing Assets/NatureStarterKit2/Nature/bush04.prefab using Guid(d15b44addf30da74f946086ec0aa993c) Importer(815301076,1909f56bfc062723c751e8b465ee728b)  -> (artifact id: 'c0e107ac6a63de57a98418679978af04') in 0.057922 seconds
  Import took 0.062450 seconds .

========================================================================
Received Import Request.
  Time since last request: 516.501735 seconds.
  path: Assets/Standard Assets/Environment
  artifactKey: Guid(6ca8c4e270f964e0da9f731d7d34b123) Importer(815301076,1909f56bfc062723c751e8b465ee728b)
Start importing Assets/Standard Assets/Environment using Guid(6ca8c4e270f964e0da9f731d7d34b123) Importer(815301076,1909f56bfc062723c751e8b465ee728b)  -> (artifact id: '7529e6ca0bdc2f0bd011b10d32a66d3d') in 0.008970 seconds
  Import took 0.012238 seconds .

========================================================================
Received Import Request.
  Time since last request: 0.001246 seconds.
  path: Assets/Standard Assets/Environment
  artifactKey: Guid(6ca8c4e270f964e0da9f731d7d34b123) Importer(815301076,1909f56bfc062723c751e8b465ee728b)
Start importing Assets/Standard Assets/Environment using Guid(6ca8c4e270f964e0da9f731d7d34b123) Importer(815301076,1909f56bfc062723c751e8b465ee728b)  -> (artifact id: '7529e6ca0bdc2f0bd011b10d32a66d3d') in 0.003579 seconds
  Import took 0.008934 seconds .

========================================================================
Received Import Request.
  Time since last request: 1.266489 seconds.
  path: Assets/Standard Assets/Environment/Water (Basic)
  artifactKey: Guid(dc7abfa0435174ded902b073322d67cc) Importer(815301076,1909f56bfc062723c751e8b465ee728b)
Start importing Assets/Standard Assets/Environment/Water (Basic) using Guid(dc7abfa0435174ded902b073322d67cc) Importer(815301076,1909f56bfc062723c751e8b465ee728b)  -> (artifact id: 'd71da0774e7a9eaf6e499be34df1abf7') in 0.010579 seconds
  Import took 0.013695 seconds .

========================================================================
Received Import Request.
  Time since last request: 0.000949 seconds.
  path: Assets/Standard Assets/Environment/Water (Basic)
  artifactKey: Guid(dc7abfa0435174ded902b073322d67cc) Importer(815301076,1909f56bfc062723c751e8b465ee728b)
Start importing Assets/Standard Assets/Environment/Water (Basic) using Guid(dc7abfa0435174ded902b073322d67cc) Importer(815301076,1909f56bfc062723c751e8b465ee728b)  -> (artifact id: 'd71da0774e7a9eaf6e499be34df1abf7') in 0.004950 seconds
  Import took 0.007376 seconds .

========================================================================
Received Import Request.
  Time since last request: 6.360241 seconds.
  path: Assets/Standard Assets/Environment/Water (Basic)/Textures
  artifactKey: Guid(33850b67ffcaa4b6c9a7146e4be0b917) Importer(815301076,1909f56bfc062723c751e8b465ee728b)
Start importing Assets/Standard Assets/Environment/Water (Basic)/Textures using Guid(33850b67ffcaa4b6c9a7146e4be0b917) Importer(815301076,1909f56bfc062723c751e8b465ee728b)  -> (artifact id: 'bf11a8b206483c53faffbdde46cfe496') in 0.006139 seconds
  Import took 0.009009 seconds .

========================================================================
Received Import Request.
  Time since last request: 0.332905 seconds.
  path: Assets/Standard Assets/Environment/Water (Basic)/Textures/WaterBasicDaytimeGradient.psd
  artifactKey: Guid(047330f39d11745ad0004adb8d76c639) Importer(815301076,1909f56bfc062723c751e8b465ee728b)
Start importing Assets/Standard Assets/Environment/Water (Basic)/Textures/WaterBasicDaytimeGradient.psd using Guid(047330f39d11745ad0004adb8d76c639) Importer(815301076,1909f56bfc062723c751e8b465ee728b)  -> (artifact id: '69d1f50d4fa3b022c80bd288c98f3296') in 0.017038 seconds
  Import took 0.019741 seconds .

========================================================================
Received Import Request.
  Time since last request: 0.000310 seconds.
  path: Assets/Standard Assets/Environment/Water (Basic)/Textures/WaterBasicNormals.jpg
  artifactKey: Guid(a53cf5449d11a15d1100a04b44295342) Importer(815301076,1909f56bfc062723c751e8b465ee728b)
Start importing Assets/Standard Assets/Environment/Water (Basic)/Textures/WaterBasicNormals.jpg using Guid(a53cf5449d11a15d1100a04b44295342) Importer(815301076,1909f56bfc062723c751e8b465ee728b)  -> (artifact id: 'd0044d018f05e9a2593cf174485ee49d') in 0.022591 seconds
  Import took 0.026189 seconds .

========================================================================
Received Import Request.
  Time since last request: 0.000253 seconds.
  path: Assets/Standard Assets/Environment/Water (Basic)/Textures/WaterBasicNighttimeGradient.psd
  artifactKey: Guid(8403d3349d112ba4d000be1be39e7c39) Importer(815301076,1909f56bfc062723c751e8b465ee728b)
Start importing Assets/Standard Assets/Environment/Water (Basic)/Textures/WaterBasicNighttimeGradient.psd using Guid(8403d3349d112ba4d000be1be39e7c39) Importer(815301076,1909f56bfc062723c751e8b465ee728b)  -> (artifact id: '955e166c66c61bd404ede8df5ea7d234') in 0.023349 seconds
  Import took 0.026462 seconds .

========================================================================
Received Import Request.
  Time since last request: 11.487399 seconds.
  path: Assets/Standard Assets/Environment/Water (Basic)/Models
  artifactKey: Guid(5ca387966638baf478f257729f7d9ffd) Importer(815301076,1909f56bfc062723c751e8b465ee728b)
Start importing Assets/Standard Assets/Environment/Water (Basic)/Models using Guid(5ca387966638baf478f257729f7d9ffd) Importer(815301076,1909f56bfc062723c751e8b465ee728b)  -> (artifact id: '911cd660fde02aaa828366c0ee3f3b57') in 0.009303 seconds
  Import took 0.012107 seconds .

========================================================================
Received Import Request.
  Time since last request: 0.000950 seconds.
  path: Assets/Standard Assets/Environment/Water (Basic)/Models
  artifactKey: Guid(5ca387966638baf478f257729f7d9ffd) Importer(815301076,1909f56bfc062723c751e8b465ee728b)
Start importing Assets/Standard Assets/Environment/Water (Basic)/Models using Guid(5ca387966638baf478f257729f7d9ffd) Importer(815301076,1909f56bfc062723c751e8b465ee728b)  -> (artifact id: '911cd660fde02aaa828366c0ee3f3b57') in 0.005478 seconds
  Import took 0.008214 seconds .

========================================================================
Received Import Request.
  Time since last request: 0.065353 seconds.
  path: Assets/Standard Assets/Environment/Water (Basic)/Models/WaterBasicPlane.fbx
  artifactKey: Guid(ce8d79c79d11b8f9d00076e98d76c639) Importer(815301076,1909f56bfc062723c751e8b465ee728b)
Start importing Assets/Standard Assets/Environment/Water (Basic)/Models/WaterBasicPlane.fbx using Guid(ce8d79c79d11b8f9d00076e98d76c639) Importer(815301076,1909f56bfc062723c751e8b465ee728b)  -> (artifact id: '9e77b7e424f59516e836e17208f10694') in 0.036388 seconds
  Import took 0.038756 seconds .

========================================================================
Received Import Request.
  Time since last request: 98.734112 seconds.
  path: Assets/Standard Assets/Environment/Water (Basic)/Materials
  artifactKey: Guid(706eadfad28bc4c1c9bb137b31052b14) Importer(815301076,1909f56bfc062723c751e8b465ee728b)
Start importing Assets/Standard Assets/Environment/Water (Basic)/Materials using Guid(706eadfad28bc4c1c9bb137b31052b14) Importer(815301076,1909f56bfc062723c751e8b465ee728b)  -> (artifact id: 'ac4cf95bdac66513a92e49c7db08fc93') in 0.003374 seconds
  Import took 0.006208 seconds .

========================================================================
Received Import Request.
  Time since last request: 96.080878 seconds.
  path: Assets/Standard Assets/Environment/Water (Basic)/Materials/WaterBasicDaytime.mat
  artifactKey: Guid(52b7d70b1de7c4ce09662b77c14d9fda) Importer(815301076,1909f56bfc062723c751e8b465ee728b)
Start importing Assets/Standard Assets/Environment/Water (Basic)/Materials/WaterBasicDaytime.mat using Guid(52b7d70b1de7c4ce09662b77c14d9fda) Importer(815301076,1909f56bfc062723c751e8b465ee728b)  -> (artifact id: '1c1d709eb00b74a720090931ed0554d2') in 0.023514 seconds
  Import took 0.026485 seconds .

========================================================================
Received Import Request.
  Time since last request: 0.000376 seconds.
  path: Assets/Standard Assets/Environment/Water (Basic)/Materials/WaterBasicNormals 1.mat
  artifactKey: Guid(e49709f6a9c1aef4b8db820258c38717) Importer(815301076,1909f56bfc062723c751e8b465ee728b)
Start importing Assets/Standard Assets/Environment/Water (Basic)/Materials/WaterBasicNormals 1.mat using Guid(e49709f6a9c1aef4b8db820258c38717) Importer(815301076,1909f56bfc062723c751e8b465ee728b)  -> (artifact id: 'accad3b0fb08b071631cf3732911635c') in 0.025049 seconds
  Import took 0.027497 seconds .

========================================================================
Received Import Request.
  Time since last request: 0.000785 seconds.
  path: Assets/Standard Assets/Environment/Water (Basic)/Materials/WaterBasicDaytimeGradient.mat
  artifactKey: Guid(fc0e6b84bb4c79f4db3b2fd2e5d6a921) Importer(815301076,1909f56bfc062723c751e8b465ee728b)
Start importing Assets/Standard Assets/Environment/Water (Basic)/Materials/WaterBasicDaytimeGradient.mat using Guid(fc0e6b84bb4c79f4db3b2fd2e5d6a921) Importer(815301076,1909f56bfc062723c751e8b465ee728b)  -> (artifact id: '87760484f936fb2ef78084620d13856c') in 0.023238 seconds
  Import took 0.027586 seconds .

========================================================================
Received Import Request.
  Time since last request: 0.000342 seconds.
  path: Assets/Standard Assets/Environment/Water (Basic)/Materials/WaterDefault.mat
  artifactKey: Guid(30abebfd9bf1c49d8a2d26e61e66bc15) Importer(815301076,1909f56bfc062723c751e8b465ee728b)
Start importing Assets/Standard Assets/Environment/Water (Basic)/Materials/WaterDefault.mat using Guid(30abebfd9bf1c49d8a2d26e61e66bc15) Importer(815301076,1909f56bfc062723c751e8b465ee728b)  -> (artifact id: '69970e320e7601914f91c02a7f4e6d64') in 0.126350 seconds
  Import took 0.129812 seconds .

========================================================================
Received Import Request.
  Time since last request: 0.000262 seconds.
  path: Assets/Standard Assets/Environment/Water (Basic)/Materials/WaterBasicNighttime.mat
  artifactKey: Guid(c55afdc4a8a3b4890b07cc7d176510bb) Importer(815301076,1909f56bfc062723c751e8b465ee728b)
Start importing Assets/Standard Assets/Environment/Water (Basic)/Materials/WaterBasicNighttime.mat using Guid(c55afdc4a8a3b4890b07cc7d176510bb) Importer(815301076,1909f56bfc062723c751e8b465ee728b)  -> (artifact id: '0f79c6d760b66dd18537b998f18b6872') in 0.031125 seconds
  Import took 0.034962 seconds .

========================================================================
Received Import Request.
  Time since last request: 461.159534 seconds.
  path: Assets/Standard Assets/Characters
  artifactKey: Guid(8c32f58513a41ef4dab9cb7704c5fb92) Importer(815301076,1909f56bfc062723c751e8b465ee728b)
Start importing Assets/Standard Assets/Characters using Guid(8c32f58513a41ef4dab9cb7704c5fb92) Importer(815301076,1909f56bfc062723c751e8b465ee728b)  -> (artifact id: '9d18ad2fe80645af1cb7f4e5ae7944cf') in 0.008050 seconds
  Import took 0.011061 seconds .

========================================================================
Received Import Request.
  Time since last request: 6.165097 seconds.
  path: Assets/Standard Assets/CrossPlatformInput
  artifactKey: Guid(710bc43f80d178548bd226c252c8e65b) Importer(815301076,1909f56bfc062723c751e8b465ee728b)
Start importing Assets/Standard Assets/CrossPlatformInput using Guid(710bc43f80d178548bd226c252c8e65b) Importer(815301076,1909f56bfc062723c751e8b465ee728b)  -> (artifact id: '92d8a4f971e83eaefbadd6441cfddd9d') in 0.015305 seconds
  Import took 0.018290 seconds .

========================================================================
Received Import Request.
  Time since last request: 4.727913 seconds.
  path: Assets/Standard Assets/ParticleSystems
  artifactKey: Guid(d7ea5a218770df14895b81e3602e420f) Importer(815301076,1909f56bfc062723c751e8b465ee728b)
Start importing Assets/Standard Assets/ParticleSystems using Guid(d7ea5a218770df14895b81e3602e420f) Importer(815301076,1909f56bfc062723c751e8b465ee728b)  -> (artifact id: 'b89149f5fed94a58ef144613f871fdac') in 0.009905 seconds
  Import took 0.012929 seconds .

========================================================================
Received Import Request.
  Time since last request: 4.675619 seconds.
  path: Assets/Standard Assets/Utility
  artifactKey: Guid(4539eb30e895bbb41b5eae6df2dde978) Importer(815301076,1909f56bfc062723c751e8b465ee728b)
Start importing Assets/Standard Assets/Utility using Guid(4539eb30e895bbb41b5eae6df2dde978) Importer(815301076,1909f56bfc062723c751e8b465ee728b)  -> (artifact id: 'cad9eacce939f4f94c0af33d01611904') in 0.006844 seconds
  Import took 0.009500 seconds .

========================================================================
Received Import Request.
  Time since last request: 0.006498 seconds.
  path: Assets/Standard Assets/Utility
  artifactKey: Guid(4539eb30e895bbb41b5eae6df2dde978) Importer(815301076,1909f56bfc062723c751e8b465ee728b)
Start importing Assets/Standard Assets/Utility using Guid(4539eb30e895bbb41b5eae6df2dde978) Importer(815301076,1909f56bfc062723c751e8b465ee728b)  -> (artifact id: 'cad9eacce939f4f94c0af33d01611904') in 0.006462 seconds
  Import took 0.011054 seconds .

========================================================================
Received Import Request.
  Time since last request: 5.493646 seconds.
  path: Assets/Standard Assets/Vehicles
  artifactKey: Guid(91c9eb0d68c3aa9468278099737303a2) Importer(815301076,1909f56bfc062723c751e8b465ee728b)
Start importing Assets/Standard Assets/Vehicles using Guid(91c9eb0d68c3aa9468278099737303a2) Importer(815301076,1909f56bfc062723c751e8b465ee728b)  -> (artifact id: '01c25082b0f98dd62ff4bbb9558e7dbe') in 0.019002 seconds
  Import took 0.022600 seconds .

========================================================================
Received Prepare
Registering precompiled user dll's ...
Registered in 0.000766 seconds.
Begin MonoManager ReloadAssembly
Native extension for WindowsStandalone target not found
Refreshing native plugins compatible for Editor in 0.27 ms, found 0 plugins.
Preloading 0 native plugins for Editor in 0.00 ms.
Invoked RoslynAnalysisRunner static constructor.
RoslynAnalysisRunner will not be running.
RoslynAnalysisRunner has terminated.
Mono: successfully reloaded assembly
- Completed reload, in  0.804 seconds
Platform modules already initialized, skipping
Refreshing native plugins compatible for Editor in 0.37 ms, found 0 plugins.
Preloading 0 native plugins for Editor in 0.00 ms.
Unloading 1165 Unused Serialized files (Serialized files now loaded: 0)
System memory in use before: 76.2 MB.
System memory in use after: 75.9 MB.

Unloading 8 unused Assets to reduce memory usage. Loaded Objects now: 1777.
Total: 4.529200 ms (FindLiveObjects: 0.682400 ms CreateObjectMapping: 0.334800 ms MarkObjects: 3.111100 ms  DeleteObjects: 0.393600 ms)

========================================================================
Received Import Request.
  Time since last request: 66.866237 seconds.
  path: Assets/NatureStarterKit2/Standard Assets/Effects/LightCookies/Textures/LightHardCookie.psd
  artifactKey: Guid(1167c0a28d11119930004d8a4241aa39) Importer(815301076,1909f56bfc062723c751e8b465ee728b)
Start importing Assets/NatureStarterKit2/Standard Assets/Effects/LightCookies/Textures/LightHardCookie.psd using Guid(1167c0a28d11119930004d8a4241aa39) Importer(815301076,1909f56bfc062723c751e8b465ee728b)  -> (artifact id: 'f491d9afc91f8c2a27bd2caf435e4d0e') in 0.040738 seconds
  Import took 0.042827 seconds .

========================================================================
Received Import Request.
  Time since last request: 0.000324 seconds.
  path: Assets/NatureStarterKit2/Standard Assets/Effects/LightCookies/Textures/LightSoftCookie.tif
  artifactKey: Guid(8caa437b19957a045866b84c6218a0db) Importer(815301076,1909f56bfc062723c751e8b465ee728b)
Start importing Assets/NatureStarterKit2/Standard Assets/Effects/LightCookies/Textures/LightSoftCookie.tif using Guid(8caa437b19957a045866b84c6218a0db) Importer(815301076,1909f56bfc062723c751e8b465ee728b)  -> (artifact id: '7694695800739c35e5eb84408fa4d487') in 0.042172 seconds
  Import took 0.045999 seconds .

========================================================================
Received Import Request.
  Time since last request: 0.002855 seconds.
  path: Assets/NatureStarterKit2/Standard Assets/Effects/LightCookies/Textures/LightSoftCookie.tif
  artifactKey: Guid(8caa437b19957a045866b84c6218a0db) Importer(815301076,1909f56bfc062723c751e8b465ee728b)
Start importing Assets/NatureStarterKit2/Standard Assets/Effects/LightCookies/Textures/LightSoftCookie.tif using Guid(8caa437b19957a045866b84c6218a0db) Importer(815301076,1909f56bfc062723c751e8b465ee728b)  -> (artifact id: '7694695800739c35e5eb84408fa4d487') in 0.014815 seconds
  Import took 0.019458 seconds .

========================================================================
Received Import Request.
  Time since last request: 0.344285 seconds.
  path: Assets/NatureStarterKit2/Standard Assets/Effects/LightCookies/Textures/LightSquareCookie.psd
  artifactKey: Guid(69680b688d11eb9d30009b3b4241aa39) Importer(815301076,1909f56bfc062723c751e8b465ee728b)
Start importing Assets/NatureStarterKit2/Standard Assets/Effects/LightCookies/Textures/LightSquareCookie.psd using Guid(69680b688d11eb9d30009b3b4241aa39) Importer(815301076,1909f56bfc062723c751e8b465ee728b)  -> (artifact id: 'd2f70bef6dc6032e637b417ee72e9e62') in 0.012578 seconds
  Import took 0.015010 seconds .

========================================================================
Received Import Request.
  Time since last request: 0.000318 seconds.
  path: Assets/NatureStarterKit2/Standard Assets/Effects/ImageEffects/Textures/MotionBlurJitter.png
  artifactKey: Guid(31f5a8611c4ed1245b18456206e798dc) Importer(815301076,1909f56bfc062723c751e8b465ee728b)
Start importing Assets/NatureStarterKit2/Standard Assets/Effects/ImageEffects/Textures/MotionBlurJitter.png using Guid(31f5a8611c4ed1245b18456206e798dc) Importer(815301076,1909f56bfc062723c751e8b465ee728b)  -> (artifact id: 'c90d604621672a2df7bd48a61856d8c4') in 0.013058 seconds
  Import took 0.015245 seconds .

========================================================================
Received Import Request.
  Time since last request: 0.515428 seconds.
  path: Assets/NatureStarterKit2/Standard Assets/Effects/ImageEffects/Textures/Neutral3D16.png
  artifactKey: Guid(a4b474cd484494a4aaa4bbf928219d09) Importer(815301076,1909f56bfc062723c751e8b465ee728b)
Start importing Assets/NatureStarterKit2/Standard Assets/Effects/ImageEffects/Textures/Neutral3D16.png using Guid(a4b474cd484494a4aaa4bbf928219d09) Importer(815301076,1909f56bfc062723c751e8b465ee728b)  -> (artifact id: 'aacfc5d71722fa4a3dba6cde37e18d83') in 0.009780 seconds
  Import took 0.012377 seconds .

========================================================================
Received Import Request.
  Time since last request: 0.000328 seconds.
  path: Assets/NatureStarterKit2/Standard Assets/Effects/ImageEffects/Textures/Noise.png
  artifactKey: Guid(e80c3c84ea861404d8a427db8b7abf04) Importer(815301076,1909f56bfc062723c751e8b465ee728b)
Start importing Assets/NatureStarterKit2/Standard Assets/Effects/ImageEffects/Textures/Noise.png using Guid(e80c3c84ea861404d8a427db8b7abf04) Importer(815301076,1909f56bfc062723c751e8b465ee728b)  -> (artifact id: '1261015acdabdf5432b3390d216363c8') in 0.011522 seconds
  Import took 0.013792 seconds .

========================================================================
Received Import Request.
  Time since last request: 0.056663 seconds.
  path: Assets/NatureStarterKit2/Standard Assets/Effects/ImageEffects/Textures/NoiseAndGrain.png
  artifactKey: Guid(7a632f967e8ad42f5bd275898151ab6a) Importer(815301076,1909f56bfc062723c751e8b465ee728b)
Start importing Assets/NatureStarterKit2/Standard Assets/Effects/ImageEffects/Textures/NoiseAndGrain.png using Guid(7a632f967e8ad42f5bd275898151ab6a) Importer(815301076,1909f56bfc062723c751e8b465ee728b)  -> (artifact id: '7f6cd8a7da8c550d9528d8641b254f13') in 0.012819 seconds
  Import took 0.017099 seconds .

========================================================================
Received Import Request.
  Time since last request: 0.000337 seconds.
  path: Assets/NatureStarterKit2/Standard Assets/Effects/ImageEffects/Textures/NoiseEffectGrain.png
  artifactKey: Guid(ffa9c02760c2b4e8eb9814ec06c4b05b) Importer(815301076,1909f56bfc062723c751e8b465ee728b)
Start importing Assets/NatureStarterKit2/Standard Assets/Effects/ImageEffects/Textures/NoiseEffectGrain.png using Guid(ffa9c02760c2b4e8eb9814ec06c4b05b) Importer(815301076,1909f56bfc062723c751e8b465ee728b)  -> (artifact id: '12b02eb7f57def6ebc028bf1296fe5f1') in 0.018177 seconds
  Import took 0.020792 seconds .

========================================================================
Received Import Request.
  Time since last request: 0.327821 seconds.
  path: Assets/NatureStarterKit2/Standard Assets/Effects/ImageEffects/Textures/NoiseEffectScratch.png
  artifactKey: Guid(6205c27cc031f4e66b8ea90d1bfaa158) Importer(815301076,1909f56bfc062723c751e8b465ee728b)
Start importing Assets/NatureStarterKit2/Standard Assets/Effects/ImageEffects/Textures/NoiseEffectScratch.png using Guid(6205c27cc031f4e66b8ea90d1bfaa158) Importer(815301076,1909f56bfc062723c751e8b465ee728b)  -> (artifact id: 'ee7879811f4d53a35219fbd07423bd75') in 0.010612 seconds
  Import took 0.013213 seconds .

========================================================================
Received Import Request.
  Time since last request: 0.000314 seconds.
  path: Assets/NatureStarterKit2/Nature/tree03_Textures/normal_specular.png
  artifactKey: Guid(62a80745906a31e4e80055fd7ec2add8) Importer(815301076,1909f56bfc062723c751e8b465ee728b)
Start importing Assets/NatureStarterKit2/Nature/tree03_Textures/normal_specular.png using Guid(62a80745906a31e4e80055fd7ec2add8) Importer(815301076,1909f56bfc062723c751e8b465ee728b)  -> (artifact id: '85e83dd56960af4811777544d7e0c850') in 0.014809 seconds
  Import took 0.017769 seconds .

========================================================================
Received Import Request.
  Time since last request: 0.334858 seconds.
  path: Assets/NatureStarterKit2/Nature/bush05_Textures/normal_specular.png
  artifactKey: Guid(ca8eb19e8e565a64fb8f2f4c2d9f9297) Importer(815301076,1909f56bfc062723c751e8b465ee728b)
Start importing Assets/NatureStarterKit2/Nature/bush05_Textures/normal_specular.png using Guid(ca8eb19e8e565a64fb8f2f4c2d9f9297) Importer(815301076,1909f56bfc062723c751e8b465ee728b)  -> (artifact id: '01c5f3f7b7605164af4d11317578e79a') in 0.007492 seconds
  Import took 0.009756 seconds .

========================================================================
Received Import Request.
  Time since last request: 0.000326 seconds.
  path: Assets/NatureStarterKit2/Nature/bush06_Textures/normal_specular.png
  artifactKey: Guid(49660356ce0eb774b9277274d7a54b6e) Importer(815301076,1909f56bfc062723c751e8b465ee728b)
Start importing Assets/NatureStarterKit2/Nature/bush06_Textures/normal_specular.png using Guid(49660356ce0eb774b9277274d7a54b6e) Importer(815301076,1909f56bfc062723c751e8b465ee728b)  -> (artifact id: 'c5e88456622804f3a672f0d647c3892c') in 0.009110 seconds
  Import took 0.012081 seconds .

========================================================================
Received Import Request.
  Time since last request: 0.070882 seconds.
  path: Assets/NatureStarterKit2/Nature/bush03_Textures/normal_specular.png
  artifactKey: Guid(3d94ae574d920c5449fe4e032d8c414d) Importer(815301076,1909f56bfc062723c751e8b465ee728b)
Start importing Assets/NatureStarterKit2/Nature/bush03_Textures/normal_specular.png using Guid(3d94ae574d920c5449fe4e032d8c414d) Importer(815301076,1909f56bfc062723c751e8b465ee728b)  -> (artifact id: '636cb076dfbdf1c2bdd8884b7d798cff') in 0.007742 seconds
  Import took 0.010470 seconds .

========================================================================
Received Import Request.
  Time since last request: 0.000366 seconds.
  path: Assets/NatureStarterKit2/Nature/tree04_Textures/normal_specular.png
  artifactKey: Guid(4561489a3ef42ad4eae5f6167fc00c76) Importer(815301076,1909f56bfc062723c751e8b465ee728b)
Start importing Assets/NatureStarterKit2/Nature/tree04_Textures/normal_specular.png using Guid(4561489a3ef42ad4eae5f6167fc00c76) Importer(815301076,1909f56bfc062723c751e8b465ee728b)  -> (artifact id: '0ca5f7b8d274200f24339073c5326480') in 0.008120 seconds
  Import took 0.011110 seconds .

========================================================================
Received Import Request.
  Time since last request: 0.934747 seconds.
  path: Assets/NatureStarterKit2/Nature/bush02_Textures/normal_specular.png
  artifactKey: Guid(a0d503ff62e3323448a75a7485e3c50b) Importer(815301076,1909f56bfc062723c751e8b465ee728b)
Start importing Assets/NatureStarterKit2/Nature/bush02_Textures/normal_specular.png using Guid(a0d503ff62e3323448a75a7485e3c50b) Importer(815301076,1909f56bfc062723c751e8b465ee728b)  -> (artifact id: 'b2bd67e5aa34751997e747dd149946d9') in 0.006599 seconds
  Import took 0.009992 seconds .

========================================================================
Received Import Request.
  Time since last request: 0.000305 seconds.
  path: Assets/NatureStarterKit2/Nature/bush01_Textures/normal_specular.png
  artifactKey: Guid(c0ff824bc7611d6448b7231d21ecb58d) Importer(815301076,1909f56bfc062723c751e8b465ee728b)
Start importing Assets/NatureStarterKit2/Nature/bush01_Textures/normal_specular.png using Guid(c0ff824bc7611d6448b7231d21ecb58d) Importer(815301076,1909f56bfc062723c751e8b465ee728b)  -> (artifact id: '311dbd55a9b692b3cabd422f5a1b8f07') in 0.008857 seconds
  Import took 0.012809 seconds .

========================================================================
Received Import Request.
  Time since last request: 3.932460 seconds.
  path: Assets/NatureStarterKit2/Nature/tree02_Textures/normal_specular.png
  artifactKey: Guid(ae561c4b1e740354fb9a2b30b2ff4dac) Importer(815301076,1909f56bfc062723c751e8b465ee728b)
Start importing Assets/NatureStarterKit2/Nature/tree02_Textures/normal_specular.png using Guid(ae561c4b1e740354fb9a2b30b2ff4dac) Importer(815301076,1909f56bfc062723c751e8b465ee728b)  -> (artifact id: 'f6267f43e4bf83b4fb5dd6d8521f181e') in 0.008144 seconds
  Import took 0.010279 seconds .

========================================================================
Received Import Request.
  Time since last request: 0.000251 seconds.
  path: Assets/NatureStarterKit2/Nature/bush04_Textures/normal_specular.png
  artifactKey: Guid(198f2f9f3ce914b4196c142c0614649f) Importer(815301076,1909f56bfc062723c751e8b465ee728b)
Start importing Assets/NatureStarterKit2/Nature/bush04_Textures/normal_specular.png using Guid(198f2f9f3ce914b4196c142c0614649f) Importer(815301076,1909f56bfc062723c751e8b465ee728b)  -> (artifact id: '40f34e6f9dec966dd58c78f48b373690') in 0.009313 seconds
  Import took 0.011558 seconds .

========================================================================
Received Import Request.
  Time since last request: 0.087515 seconds.
  path: Assets/NatureStarterKit2/Nature/tree01_Textures/normal_specular.png
  artifactKey: Guid(8c09b7803cd35a7439d17c6f8c1afe76) Importer(815301076,1909f56bfc062723c751e8b465ee728b)
Start importing Assets/NatureStarterKit2/Nature/tree01_Textures/normal_specular.png using Guid(8c09b7803cd35a7439d17c6f8c1afe76) Importer(815301076,1909f56bfc062723c751e8b465ee728b)  -> (artifact id: '98f59f09556f6120d90087df25cbe172') in 0.008076 seconds
  Import took 0.010406 seconds .

========================================================================
Received Import Request.
  Time since last request: 0.000443 seconds.
  path: Assets/NatureStarterKit2/Standard Assets/Effects/ImageEffects/Textures/RandomVectors.png
  artifactKey: Guid(a181ca8e3c62f3e4b8f183f6c586b032) Importer(815301076,1909f56bfc062723c751e8b465ee728b)
Start importing Assets/NatureStarterKit2/Standard Assets/Effects/ImageEffects/Textures/RandomVectors.png using Guid(a181ca8e3c62f3e4b8f183f6c586b032) Importer(815301076,1909f56bfc062723c751e8b465ee728b)  -> (artifact id: '90f177e883a42e8e3cf66495f3ad0fcb') in 0.012770 seconds
  Import took 0.017903 seconds .

========================================================================
Received Import Request.
  Time since last request: 0.333124 seconds.
  path: Assets/NatureStarterKit2/Nature/bush02_Textures/shadow.png
  artifactKey: Guid(acac49e6c49c1da4d91b3702823fe4cf) Importer(815301076,1909f56bfc062723c751e8b465ee728b)
Start importing Assets/NatureStarterKit2/Nature/bush02_Textures/shadow.png using Guid(acac49e6c49c1da4d91b3702823fe4cf) Importer(815301076,1909f56bfc062723c751e8b465ee728b)  -> (artifact id: '5dac0fa68f35b5430c0d0ce79b0fff97') in 0.013097 seconds
  Import took 0.015349 seconds .

========================================================================
Received Import Request.
  Time since last request: 0.000270 seconds.
  path: Assets/NatureStarterKit2/Nature/bush04_Textures/shadow.png
  artifactKey: Guid(ee879bd20f6819143a6527d0c880ac6e) Importer(815301076,1909f56bfc062723c751e8b465ee728b)
Start importing Assets/NatureStarterKit2/Nature/bush04_Textures/shadow.png using Guid(ee879bd20f6819143a6527d0c880ac6e) Importer(815301076,1909f56bfc062723c751e8b465ee728b)  -> (artifact id: '41405c47738704c14953986860f9e889') in 0.009621 seconds
  Import took 0.012556 seconds .

========================================================================
Received Import Request.
  Time since last request: 0.069001 seconds.
  path: Assets/NatureStarterKit2/Nature/tree01_Textures/shadow.png
  artifactKey: Guid(be1ad731c04407f45b029b05b032834f) Importer(815301076,1909f56bfc062723c751e8b465ee728b)
Start importing Assets/NatureStarterKit2/Nature/tree01_Textures/shadow.png using Guid(be1ad731c04407f45b029b05b032834f) Importer(815301076,1909f56bfc062723c751e8b465ee728b)  -> (artifact id: 'd62cd8b17f5c93d19c167b85e0feb314') in 0.010351 seconds
  Import took 0.012540 seconds .

========================================================================
Received Import Request.
  Time since last request: 0.000333 seconds.
  path: Assets/NatureStarterKit2/Nature/bush06_Textures/shadow.png
  artifactKey: Guid(d98f7f433a35e2644b3737f5b6abbe8a) Importer(815301076,1909f56bfc062723c751e8b465ee728b)
Start importing Assets/NatureStarterKit2/Nature/bush06_Textures/shadow.png using Guid(d98f7f433a35e2644b3737f5b6abbe8a) Importer(815301076,1909f56bfc062723c751e8b465ee728b)  -> (artifact id: '735ee4bce4ea69ff1d9965d5767f3e2c') in 0.008646 seconds
  Import took 0.011546 seconds .

========================================================================
Received Import Request.
  Time since last request: 0.265037 seconds.
  path: Assets/NatureStarterKit2/Nature/bush05_Textures/shadow.png
  artifactKey: Guid(dd66a18c48485c04081d7545c87b5804) Importer(815301076,1909f56bfc062723c751e8b465ee728b)
Start importing Assets/NatureStarterKit2/Nature/bush05_Textures/shadow.png using Guid(dd66a18c48485c04081d7545c87b5804) Importer(815301076,1909f56bfc062723c751e8b465ee728b)  -> (artifact id: 'bf4dbf86072c70d459430975628fdddd') in 0.006243 seconds
  Import took 0.008322 seconds .

========================================================================
Received Import Request.
  Time since last request: 0.000315 seconds.
  path: Assets/NatureStarterKit2/Nature/tree02_Textures/shadow.png
  artifactKey: Guid(3dec27efd56514645878b45ee3ec32a4) Importer(815301076,1909f56bfc062723c751e8b465ee728b)
Start importing Assets/NatureStarterKit2/Nature/tree02_Textures/shadow.png using Guid(3dec27efd56514645878b45ee3ec32a4) Importer(815301076,1909f56bfc062723c751e8b465ee728b)  -> (artifact id: '9e1f977de23505e2ff81dae5e1168e15') in 0.006305 seconds
  Import took 0.008370 seconds .

========================================================================
Received Import Request.
  Time since last request: 0.365440 seconds.
  path: Assets/NatureStarterKit2/Nature/tree03_Textures/shadow.png
  artifactKey: Guid(fa29af801d4654e469207cffeea8e8cf) Importer(815301076,1909f56bfc062723c751e8b465ee728b)
Start importing Assets/NatureStarterKit2/Nature/tree03_Textures/shadow.png using Guid(fa29af801d4654e469207cffeea8e8cf) Importer(815301076,1909f56bfc062723c751e8b465ee728b)  -> (artifact id: 'b7317ac6f87fdd0244a1b47ae2c3ec8e') in 0.006766 seconds
  Import took 0.009360 seconds .

========================================================================
Received Import Request.
  Time since last request: 0.000299 seconds.
  path: Assets/NatureStarterKit2/Nature/bush03_Textures/shadow.png
  artifactKey: Guid(9663e13e6c841444cafc1bed4dbcc299) Importer(815301076,1909f56bfc062723c751e8b465ee728b)
Start importing Assets/NatureStarterKit2/Nature/bush03_Textures/shadow.png using Guid(9663e13e6c841444cafc1bed4dbcc299) Importer(815301076,1909f56bfc062723c751e8b465ee728b)  -> (artifact id: '44796b94628ba4ab569eb7f995e4f178') in 0.007031 seconds
  Import took 0.008979 seconds .

========================================================================
Received Import Request.
  Time since last request: 0.059571 seconds.
  path: Assets/NatureStarterKit2/Nature/bush01_Textures/shadow.png
  artifactKey: Guid(601b2261c9f9ef0438b1966de0080c95) Importer(815301076,1909f56bfc062723c751e8b465ee728b)
Start importing Assets/NatureStarterKit2/Nature/bush01_Textures/shadow.png using Guid(601b2261c9f9ef0438b1966de0080c95) Importer(815301076,1909f56bfc062723c751e8b465ee728b)  -> (artifact id: '7088f823809c3f2fcd579b7c30d639ca') in 0.007134 seconds
  Import took 0.009903 seconds .

========================================================================
Received Import Request.
  Time since last request: 0.000349 seconds.
  path: Assets/NatureStarterKit2/Standard Assets/Effects/Projectors/Textures/Shadow.psd
  artifactKey: Guid(68386fc9897223346a683105b4dc1662) Importer(815301076,1909f56bfc062723c751e8b465ee728b)
Start importing Assets/NatureStarterKit2/Standard Assets/Effects/Projectors/Textures/Shadow.psd using Guid(68386fc9897223346a683105b4dc1662) Importer(815301076,1909f56bfc062723c751e8b465ee728b)  -> (artifact id: '4cf155e9a476ac82aec1fcc048a77bd6') in 0.014441 seconds
  Import took 0.016705 seconds .

========================================================================
Received Import Request.
  Time since last request: 0.048594 seconds.
  path: Assets/NatureStarterKit2/Nature/tree04_Textures/shadow.png
  artifactKey: Guid(72f5e509a5e5ca04a9cc9e1b40193f99) Importer(815301076,1909f56bfc062723c751e8b465ee728b)
Start importing Assets/NatureStarterKit2/Nature/tree04_Textures/shadow.png using Guid(72f5e509a5e5ca04a9cc9e1b40193f99) Importer(815301076,1909f56bfc062723c751e8b465ee728b)  -> (artifact id: '6aad4fc8d709d0cd948d808e3888239d') in 0.008230 seconds
  Import took 0.010841 seconds .

========================================================================
Received Import Request.
  Time since last request: 0.256570 seconds.
  path: Assets/NatureStarterKit2/Standard Assets/Effects/ImageEffects/Textures/SphereShape.psd
  artifactKey: Guid(fc00ec05a89da4ff695a4273715cd5ce) Importer(815301076,1909f56bfc062723c751e8b465ee728b)
Start importing Assets/NatureStarterKit2/Standard Assets/Effects/ImageEffects/Textures/SphereShape.psd using Guid(fc00ec05a89da4ff695a4273715cd5ce) Importer(815301076,1909f56bfc062723c751e8b465ee728b)  -> (artifact id: '51a358d52d67b9ae1658ab5bcb82901e') in 0.010692 seconds
  Import took 0.013351 seconds .

========================================================================
Received Import Request.
  Time since last request: 0.030688 seconds.
  path: Assets/NatureStarterKit2/Scene/New Terrain.asset
  artifactKey: Guid(32620d2a18d1d6543869088db9e2d1c5) Importer(815301076,1909f56bfc062723c751e8b465ee728b)
Start importing Assets/NatureStarterKit2/Scene/New Terrain.asset using Guid(32620d2a18d1d6543869088db9e2d1c5) Importer(815301076,1909f56bfc062723c751e8b465ee728b)  -> (artifact id: 'e9859955d2b76fa81ce6a76d4bf9635f') in 0.088807 seconds
  Import took 0.092759 seconds .

========================================================================
Received Import Request.
  Time since last request: 0.000354 seconds.
  path: Assets/NatureStarterKit2/Scene/SecondaryTerrain.asset
  artifactKey: Guid(7f570b916f436aa4c9d4676e57349fd4) Importer(815301076,1909f56bfc062723c751e8b465ee728b)
Start importing Assets/NatureStarterKit2/Scene/SecondaryTerrain.asset using Guid(7f570b916f436aa4c9d4676e57349fd4) Importer(815301076,1909f56bfc062723c751e8b465ee728b)  -> (artifact id: 'b899097ae1dd9d8f7f7da49c04c61a0b') in 0.083861 seconds
  Import took 0.087833 seconds .

========================================================================
Received Import Request.
  Time since last request: 0.131079 seconds.
  path: Assets/NatureStarterKit2/Standard Assets/Effects/ToonShading/Textures/ToonLit.psd
  artifactKey: Guid(b995d4bd9d11078d11005b9844295342) Importer(815301076,1909f56bfc062723c751e8b465ee728b)
Start importing Assets/NatureStarterKit2/Standard Assets/Effects/ToonShading/Textures/ToonLit.psd using Guid(b995d4bd9d11078d11005b9844295342) Importer(815301076,1909f56bfc062723c751e8b465ee728b)  -> (artifact id: 'bacf98861956056b899062ae51fb2cd4') in 0.029206 seconds
  Import took 0.031362 seconds .

========================================================================
Received Import Request.
  Time since last request: 0.000365 seconds.
  path: Assets/NatureStarterKit2/Nature/bush02_Textures/translucency_gloss.png
  artifactKey: Guid(55c6ac3e6f8270d469c6046696f009db) Importer(815301076,1909f56bfc062723c751e8b465ee728b)
Start importing Assets/NatureStarterKit2/Nature/bush02_Textures/translucency_gloss.png using Guid(55c6ac3e6f8270d469c6046696f009db) Importer(815301076,1909f56bfc062723c751e8b465ee728b)  -> (artifact id: '860a170d787266aa511ef70752c09c73') in 0.012610 seconds
  Import took 0.015143 seconds .

========================================================================
Received Import Request.
  Time since last request: 0.053378 seconds.
  path: Assets/NatureStarterKit2/Nature/bush05_Textures/translucency_gloss.png
  artifactKey: Guid(6471761cd0be04a48ab5c5b0598c426d) Importer(815301076,1909f56bfc062723c751e8b465ee728b)
Start importing Assets/NatureStarterKit2/Nature/bush05_Textures/translucency_gloss.png using Guid(6471761cd0be04a48ab5c5b0598c426d) Importer(815301076,1909f56bfc062723c751e8b465ee728b)  -> (artifact id: '54d6ad1a88c0589fbd79889e4812a71c') in 0.010406 seconds
  Import took 0.012804 seconds .

========================================================================
Received Import Request.
  Time since last request: 0.000321 seconds.
  path: Assets/NatureStarterKit2/Nature/bush01_Textures/translucency_gloss.png
  artifactKey: Guid(cf9b478cf6fc37d4db53b2670e435165) Importer(815301076,1909f56bfc062723c751e8b465ee728b)
Start importing Assets/NatureStarterKit2/Nature/bush01_Textures/translucency_gloss.png using Guid(cf9b478cf6fc37d4db53b2670e435165) Importer(815301076,1909f56bfc062723c751e8b465ee728b)  -> (artifact id: 'a4a8a8967b1f54713fb886e8cadb11ad') in 0.009702 seconds
  Import took 0.012401 seconds .

========================================================================
Received Import Request.
  Time since last request: 0.359118 seconds.
  path: Assets/NatureStarterKit2/Nature/tree03_Textures/translucency_gloss.png
  artifactKey: Guid(e08b6027d32f103499d413e4141bfcf3) Importer(815301076,1909f56bfc062723c751e8b465ee728b)
Start importing Assets/NatureStarterKit2/Nature/tree03_Textures/translucency_gloss.png using Guid(e08b6027d32f103499d413e4141bfcf3) Importer(815301076,1909f56bfc062723c751e8b465ee728b)  -> (artifact id: '563ff0ac733e12c551562c4e585b573b') in 0.007423 seconds
  Import took 0.009594 seconds .

========================================================================
Received Import Request.
  Time since last request: 0.000343 seconds.
  path: Assets/NatureStarterKit2/Nature/bush03_Textures/translucency_gloss.png
  artifactKey: Guid(5aa3e304ca031934dab7713a359e61c0) Importer(815301076,1909f56bfc062723c751e8b465ee728b)
Start importing Assets/NatureStarterKit2/Nature/bush03_Textures/translucency_gloss.png using Guid(5aa3e304ca031934dab7713a359e61c0) Importer(815301076,1909f56bfc062723c751e8b465ee728b)  -> (artifact id: 'f9bb8b9966ddc65b2927b03b482a0cb0') in 0.009145 seconds
  Import took 0.011553 seconds .

========================================================================
Received Import Request.
  Time since last request: 0.062164 seconds.
  path: Assets/NatureStarterKit2/Nature/tree02_Textures/translucency_gloss.png
  artifactKey: Guid(da1974f349a2d6a4696866fae760fef8) Importer(815301076,1909f56bfc062723c751e8b465ee728b)
Start importing Assets/NatureStarterKit2/Nature/tree02_Textures/translucency_gloss.png using Guid(da1974f349a2d6a4696866fae760fef8) Importer(815301076,1909f56bfc062723c751e8b465ee728b)  -> (artifact id: 'ccf058057e0c37002d7cdb91ce1cf08c') in 0.008387 seconds
  Import took 0.011157 seconds .

========================================================================
Received Import Request.
  Time since last request: 0.000295 seconds.
  path: Assets/NatureStarterKit2/Nature/tree01_Textures/translucency_gloss.png
  artifactKey: Guid(853d85e6df42bb346a907893af921d1e) Importer(815301076,1909f56bfc062723c751e8b465ee728b)
Start importing Assets/NatureStarterKit2/Nature/tree01_Textures/translucency_gloss.png using Guid(853d85e6df42bb346a907893af921d1e) Importer(815301076,1909f56bfc062723c751e8b465ee728b)  -> (artifact id: '561ba643ffcb28f763ec50e41bd35b4e') in 0.007680 seconds
  Import took 0.010035 seconds .

========================================================================
Received Import Request.
  Time since last request: 0.371595 seconds.
  path: Assets/NatureStarterKit2/Nature/bush04_Textures/translucency_gloss.png
  artifactKey: Guid(f8d43e186daf2bc49a80785d236cb157) Importer(815301076,1909f56bfc062723c751e8b465ee728b)
Start importing Assets/NatureStarterKit2/Nature/bush04_Textures/translucency_gloss.png using Guid(f8d43e186daf2bc49a80785d236cb157) Importer(815301076,1909f56bfc062723c751e8b465ee728b)  -> (artifact id: '3d9485b81342547123f7a9dc274b2b64') in 0.007068 seconds
  Import took 0.009541 seconds .

========================================================================
Received Import Request.
  Time since last request: 0.000350 seconds.
  path: Assets/NatureStarterKit2/Nature/tree04_Textures/translucency_gloss.png
  artifactKey: Guid(867a9bb6289eac041a67ad5218a3307e) Importer(815301076,1909f56bfc062723c751e8b465ee728b)
Start importing Assets/NatureStarterKit2/Nature/tree04_Textures/translucency_gloss.png using Guid(867a9bb6289eac041a67ad5218a3307e) Importer(815301076,1909f56bfc062723c751e8b465ee728b)  -> (artifact id: '10ad33a6fc2321fe901f1ad33f0e514d') in 0.007286 seconds
  Import took 0.009653 seconds .

========================================================================
Received Import Request.
  Time since last request: 0.062937 seconds.
  path: Assets/NatureStarterKit2/Nature/bush06_Textures/translucency_gloss.png
  artifactKey: Guid(a1d7ed651121f6b438e5ac9602ede8a1) Importer(815301076,1909f56bfc062723c751e8b465ee728b)
Start importing Assets/NatureStarterKit2/Nature/bush06_Textures/translucency_gloss.png using Guid(a1d7ed651121f6b438e5ac9602ede8a1) Importer(815301076,1909f56bfc062723c751e8b465ee728b)  -> (artifact id: 'f5c4dc26167d8ca0dfc290e79ec4c031') in 0.010800 seconds
  Import took 0.013715 seconds .

========================================================================
Received Import Request.
  Time since last request: 0.000440 seconds.
  path: Assets/NatureStarterKit2/Standard Assets/Effects/ToonShading/Textures/UtilToonGradient.png
  artifactKey: Guid(4a056241e2722dc46a7262a8e7073fd9) Importer(815301076,1909f56bfc062723c751e8b465ee728b)
Start importing Assets/NatureStarterKit2/Standard Assets/Effects/ToonShading/Textures/UtilToonGradient.png using Guid(4a056241e2722dc46a7262a8e7073fd9) Importer(815301076,1909f56bfc062723c751e8b465ee728b)  -> (artifact id: 'e8fcc1fcbf3e00522fcee742a136f21a') in 0.015821 seconds
  Import took 0.018989 seconds .

========================================================================
Received Import Request.
  Time since last request: 0.000776 seconds.
  path: Assets/NatureStarterKit2/Standard Assets/Effects/ImageEffects/Textures/VignetteMask.png
  artifactKey: Guid(95ef4804fe0be4c999ddaa383536cde8) Importer(815301076,1909f56bfc062723c751e8b465ee728b)
Start importing Assets/NatureStarterKit2/Standard Assets/Effects/ImageEffects/Textures/VignetteMask.png using Guid(95ef4804fe0be4c999ddaa383536cde8) Importer(815301076,1909f56bfc062723c751e8b465ee728b)  -> (artifact id: '71d0db5cbea3ca06252d5e043199dd28') in 0.019208 seconds
  Import took 0.021501 seconds .

